{"C:\\Users\\Dhiren Kirpalani\\OneDrive\\Documents\\Individual-project\\IP-RMT46\\Server\\app.js": {"path":"C:\\Users\\Dhiren Kirpalani\\OneDrive\\Documents\\Individual-project\\IP-RMT46\\Server\\app.js","statementMap":{"0":{"start":{"line":1,"column":0},"end":{"line":3,"column":1}},"1":{"start":{"line":2,"column":4},"end":{"line":2,"column":31}},"2":{"start":{"line":5,"column":16},"end":{"line":5,"column":34}},"3":{"start":{"line":6,"column":12},"end":{"line":6,"column":21}},"4":{"start":{"line":7,"column":13},"end":{"line":7,"column":17}},"5":{"start":{"line":9,"column":23},"end":{"line":9,"column":62}},"6":{"start":{"line":10,"column":25},"end":{"line":10,"column":66}},"7":{"start":{"line":11,"column":23},"end":{"line":11,"column":62}},"8":{"start":{"line":12,"column":22},"end":{"line":12,"column":60}},"9":{"start":{"line":13,"column":21},"end":{"line":13,"column":58}},"10":{"start":{"line":15,"column":15},"end":{"line":15,"column":32}},"11":{"start":{"line":16,"column":15},"end":{"line":16,"column":58}},"12":{"start":{"line":17,"column":13},"end":{"line":17,"column":28}},"13":{"start":{"line":19,"column":0},"end":{"line":19,"column":46}},"14":{"start":{"line":20,"column":0},"end":{"line":20,"column":24}},"15":{"start":{"line":21,"column":0},"end":{"line":21,"column":16}},"16":{"start":{"line":23,"column":0},"end":{"line":25,"column":2}},"17":{"start":{"line":24,"column":4},"end":{"line":24,"column":58}},"18":{"start":{"line":27,"column":0},"end":{"line":27,"column":51}},"19":{"start":{"line":28,"column":0},"end":{"line":28,"column":45}},"20":{"start":{"line":30,"column":0},"end":{"line":30,"column":49}},"21":{"start":{"line":32,"column":0},"end":{"line":32,"column":56}},"22":{"start":{"line":36,"column":0},"end":{"line":36,"column":66}},"23":{"start":{"line":37,"column":0},"end":{"line":37,"column":114}},"24":{"start":{"line":38,"column":0},"end":{"line":38,"column":64}},"25":{"start":{"line":39,"column":0},"end":{"line":39,"column":87}},"26":{"start":{"line":40,"column":0},"end":{"line":40,"column":106}},"27":{"start":{"line":41,"column":0},"end":{"line":41,"column":69}},"28":{"start":{"line":42,"column":0},"end":{"line":42,"column":62}},"29":{"start":{"line":43,"column":0},"end":{"line":43,"column":96}},"30":{"start":{"line":44,"column":0},"end":{"line":44,"column":99}},"31":{"start":{"line":45,"column":0},"end":{"line":45,"column":127}},"32":{"start":{"line":46,"column":0},"end":{"line":46,"column":85}},"33":{"start":{"line":47,"column":0},"end":{"line":47,"column":97}},"34":{"start":{"line":49,"column":0},"end":{"line":49,"column":22}},"35":{"start":{"line":51,"column":0},"end":{"line":51,"column":21}}},"fnMap":{"0":{"name":"(anonymous_0)","decl":{"start":{"line":23,"column":13},"end":{"line":23,"column":14}},"loc":{"start":{"line":23,"column":27},"end":{"line":25,"column":1}},"line":23}},"branchMap":{"0":{"loc":{"start":{"line":1,"column":0},"end":{"line":3,"column":1}},"type":"if","locations":[{"start":{"line":1,"column":0},"end":{"line":3,"column":1}},{"start":{},"end":{}}],"line":1}},"s":{"0":8,"1":8,"2":8,"3":8,"4":8,"5":8,"6":8,"7":8,"8":8,"9":8,"10":8,"11":8,"12":8,"13":8,"14":8,"15":8,"16":8,"17":0,"18":8,"19":8,"20":8,"21":8,"22":8,"23":8,"24":8,"25":8,"26":8,"27":8,"28":8,"29":8,"30":8,"31":8,"32":8,"33":8,"34":8,"35":8},"f":{"0":0},"b":{"0":[8,0]},"_coverageSchema":"1a1c01bbd47fc00a2c39e90264f33305004495a9","hash":"f4520df086b090f85c696895f5f4376def2bdc2c"}
,"C:\\Users\\Dhiren Kirpalani\\OneDrive\\Documents\\Individual-project\\IP-RMT46\\Server\\controllers\\BurgerController.js": {"path":"C:\\Users\\Dhiren Kirpalani\\OneDrive\\Documents\\Individual-project\\IP-RMT46\\Server\\controllers\\BurgerController.js","statementMap":{"0":{"start":{"line":1,"column":31},"end":{"line":1,"column":51}},"1":{"start":{"line":2,"column":15},"end":{"line":2,"column":35}},"2":{"start":{"line":3,"column":27},"end":{"line":3,"column":63}},"3":{"start":{"line":4,"column":14},"end":{"line":4,"column":30}},"4":{"start":{"line":5,"column":25},"end":{"line":5,"column":55}},"5":{"start":{"line":6,"column":15},"end":{"line":6,"column":33}},"6":{"start":{"line":7,"column":22},"end":{"line":7,"column":47}},"7":{"start":{"line":8,"column":23},"end":{"line":8,"column":49}},"8":{"start":{"line":10,"column":0},"end":{"line":367,"column":1}},"9":{"start":{"line":12,"column":4},"end":{"line":39,"column":5}},"10":{"start":{"line":13,"column":45},"end":{"line":13,"column":54}},"11":{"start":{"line":14,"column":19},"end":{"line":14,"column":21}},"12":{"start":{"line":15,"column":6},"end":{"line":21,"column":7}},"13":{"start":{"line":16,"column":8},"end":{"line":20,"column":9}},"14":{"start":{"line":22,"column":6},"end":{"line":28,"column":7}},"15":{"start":{"line":23,"column":8},"end":{"line":27,"column":9}},"16":{"start":{"line":29,"column":6},"end":{"line":33,"column":7}},"17":{"start":{"line":30,"column":24},"end":{"line":30,"column":56}},"18":{"start":{"line":31,"column":27},"end":{"line":31,"column":68}},"19":{"start":{"line":32,"column":8},"end":{"line":32,"column":46}},"20":{"start":{"line":34,"column":25},"end":{"line":34,"column":53}},"21":{"start":{"line":35,"column":6},"end":{"line":35,"column":38}},"22":{"start":{"line":37,"column":6},"end":{"line":37,"column":24}},"23":{"start":{"line":38,"column":6},"end":{"line":38,"column":18}},"24":{"start":{"line":64,"column":25},"end":{"line":64,"column":35}},"25":{"start":{"line":65,"column":4},"end":{"line":74,"column":5}},"26":{"start":{"line":66,"column":25},"end":{"line":66,"column":56}},"27":{"start":{"line":67,"column":6},"end":{"line":69,"column":7}},"28":{"start":{"line":68,"column":8},"end":{"line":68,"column":35}},"29":{"start":{"line":70,"column":6},"end":{"line":70,"column":38}},"30":{"start":{"line":72,"column":6},"end":{"line":72,"column":24}},"31":{"start":{"line":73,"column":6},"end":{"line":73,"column":18}},"32":{"start":{"line":98,"column":21},"end":{"line":98,"column":30}},"33":{"start":{"line":100,"column":20},"end":{"line":111,"column":5}},"34":{"start":{"line":113,"column":4},"end":{"line":120,"column":5}},"35":{"start":{"line":114,"column":23},"end":{"line":114,"column":51}},"36":{"start":{"line":115,"column":6},"end":{"line":115,"column":33}},"37":{"start":{"line":116,"column":6},"end":{"line":116,"column":41}},"38":{"start":{"line":118,"column":6},"end":{"line":118,"column":27}},"39":{"start":{"line":119,"column":6},"end":{"line":119,"column":18}},"40":{"start":{"line":125,"column":4},"end":{"line":135,"column":5}},"41":{"start":{"line":126,"column":27},"end":{"line":126,"column":81}},"42":{"start":{"line":127,"column":6},"end":{"line":129,"column":7}},"43":{"start":{"line":128,"column":8},"end":{"line":128,"column":33}},"44":{"start":{"line":130,"column":6},"end":{"line":130,"column":48}},"45":{"start":{"line":133,"column":6},"end":{"line":133,"column":25}},"46":{"start":{"line":134,"column":6},"end":{"line":134,"column":17}},"47":{"start":{"line":139,"column":4},"end":{"line":150,"column":5}},"48":{"start":{"line":140,"column":6},"end":{"line":142,"column":5}},"49":{"start":{"line":141,"column":8},"end":{"line":141,"column":36}},"50":{"start":{"line":143,"column":49},"end":{"line":143,"column":57}},"51":{"start":{"line":144,"column":25},"end":{"line":144,"column":80}},"52":{"start":{"line":145,"column":6},"end":{"line":145,"column":88}},"53":{"start":{"line":148,"column":6},"end":{"line":148,"column":25}},"54":{"start":{"line":149,"column":6},"end":{"line":149,"column":17}},"55":{"start":{"line":154,"column":4},"end":{"line":167,"column":5}},"56":{"start":{"line":155,"column":27},"end":{"line":155,"column":37}},"57":{"start":{"line":156,"column":25},"end":{"line":156,"column":56}},"58":{"start":{"line":157,"column":6},"end":{"line":159,"column":7}},"59":{"start":{"line":158,"column":8},"end":{"line":158,"column":35}},"60":{"start":{"line":160,"column":49},"end":{"line":160,"column":57}},"61":{"start":{"line":161,"column":6},"end":{"line":161,"column":102}},"62":{"start":{"line":162,"column":6},"end":{"line":162,"column":74}},"63":{"start":{"line":165,"column":6},"end":{"line":165,"column":25}},"64":{"start":{"line":166,"column":6},"end":{"line":166,"column":17}},"65":{"start":{"line":171,"column":4},"end":{"line":183,"column":5}},"66":{"start":{"line":172,"column":27},"end":{"line":172,"column":37}},"67":{"start":{"line":173,"column":25},"end":{"line":173,"column":56}},"68":{"start":{"line":174,"column":6},"end":{"line":176,"column":7}},"69":{"start":{"line":175,"column":8},"end":{"line":175,"column":35}},"70":{"start":{"line":177,"column":6},"end":{"line":177,"column":67}},"71":{"start":{"line":178,"column":6},"end":{"line":178,"column":74}},"72":{"start":{"line":181,"column":6},"end":{"line":181,"column":25}},"73":{"start":{"line":182,"column":6},"end":{"line":182,"column":17}},"74":{"start":{"line":187,"column":4},"end":{"line":210,"column":5}},"75":{"start":{"line":189,"column":6},"end":{"line":189,"column":54}},"76":{"start":{"line":189,"column":21},"end":{"line":189,"column":54}},"77":{"start":{"line":191,"column":25},"end":{"line":191,"column":49}},"78":{"start":{"line":192,"column":6},"end":{"line":196,"column":9}},"79":{"start":{"line":197,"column":22},"end":{"line":197,"column":107}},"80":{"start":{"line":198,"column":21},"end":{"line":198,"column":85}},"81":{"start":{"line":200,"column":27},"end":{"line":200,"column":37}},"82":{"start":{"line":201,"column":21},"end":{"line":201,"column":52}},"83":{"start":{"line":203,"column":6},"end":{"line":203,"column":47}},"84":{"start":{"line":203,"column":19},"end":{"line":203,"column":47}},"85":{"start":{"line":205,"column":6},"end":{"line":205,"column":57}},"86":{"start":{"line":207,"column":6},"end":{"line":207,"column":57}},"87":{"start":{"line":209,"column":6},"end":{"line":209,"column":18}},"88":{"start":{"line":214,"column":4},"end":{"line":227,"column":5}},"89":{"start":{"line":215,"column":27},"end":{"line":215,"column":37}},"90":{"start":{"line":216,"column":25},"end":{"line":216,"column":56}},"91":{"start":{"line":217,"column":6},"end":{"line":219,"column":7}},"92":{"start":{"line":218,"column":8},"end":{"line":218,"column":35}},"93":{"start":{"line":220,"column":27},"end":{"line":220,"column":35}},"94":{"start":{"line":221,"column":6},"end":{"line":221,"column":79}},"95":{"start":{"line":222,"column":6},"end":{"line":222,"column":96}},"96":{"start":{"line":225,"column":6},"end":{"line":225,"column":25}},"97":{"start":{"line":226,"column":6},"end":{"line":226,"column":17}},"98":{"start":{"line":231,"column":4},"end":{"line":244,"column":5}},"99":{"start":{"line":232,"column":27},"end":{"line":232,"column":37}},"100":{"start":{"line":233,"column":25},"end":{"line":233,"column":76}},"101":{"start":{"line":234,"column":6},"end":{"line":236,"column":7}},"102":{"start":{"line":235,"column":8},"end":{"line":235,"column":35}},"103":{"start":{"line":238,"column":6},"end":{"line":238,"column":71}},"104":{"start":{"line":239,"column":6},"end":{"line":239,"column":88}},"105":{"start":{"line":242,"column":6},"end":{"line":242,"column":25}},"106":{"start":{"line":243,"column":6},"end":{"line":243,"column":17}},"107":{"start":{"line":249,"column":4},"end":{"line":257,"column":5}},"108":{"start":{"line":250,"column":23},"end":{"line":250,"column":55}},"109":{"start":{"line":251,"column":46},"end":{"line":251,"column":54}},"110":{"start":{"line":252,"column":6},"end":{"line":252,"column":67}},"111":{"start":{"line":255,"column":6},"end":{"line":255,"column":25}},"112":{"start":{"line":256,"column":6},"end":{"line":256,"column":17}},"113":{"start":{"line":261,"column":4},"end":{"line":283,"column":5}},"114":{"start":{"line":263,"column":6},"end":{"line":263,"column":54}},"115":{"start":{"line":263,"column":21},"end":{"line":263,"column":54}},"116":{"start":{"line":265,"column":25},"end":{"line":265,"column":49}},"117":{"start":{"line":266,"column":6},"end":{"line":270,"column":9}},"118":{"start":{"line":271,"column":22},"end":{"line":271,"column":107}},"119":{"start":{"line":272,"column":21},"end":{"line":272,"column":85}},"120":{"start":{"line":274,"column":19},"end":{"line":274,"column":51}},"121":{"start":{"line":276,"column":6},"end":{"line":276,"column":45}},"122":{"start":{"line":276,"column":17},"end":{"line":276,"column":45}},"123":{"start":{"line":278,"column":6},"end":{"line":278,"column":57}},"124":{"start":{"line":280,"column":6},"end":{"line":280,"column":57}},"125":{"start":{"line":282,"column":6},"end":{"line":282,"column":18}},"126":{"start":{"line":288,"column":28},"end":{"line":288,"column":36}},"127":{"start":{"line":290,"column":4},"end":{"line":290,"column":25}},"128":{"start":{"line":292,"column":4},"end":{"line":315,"column":5}},"129":{"start":{"line":293,"column":21},"end":{"line":298,"column":8}},"130":{"start":{"line":299,"column":30},"end":{"line":299,"column":49}},"131":{"start":{"line":300,"column":30},"end":{"line":307,"column":8}},"132":{"start":{"line":308,"column":6},"end":{"line":308,"column":36}},"133":{"start":{"line":309,"column":27},"end":{"line":309,"column":53}},"134":{"start":{"line":310,"column":6},"end":{"line":310,"column":80}},"135":{"start":{"line":313,"column":6},"end":{"line":313,"column":25}},"136":{"start":{"line":314,"column":6},"end":{"line":314,"column":18}},"137":{"start":{"line":319,"column":4},"end":{"line":326,"column":5}},"138":{"start":{"line":320,"column":6},"end":{"line":320,"column":81}},"139":{"start":{"line":321,"column":6},"end":{"line":321,"column":76}},"140":{"start":{"line":324,"column":6},"end":{"line":324,"column":25}},"141":{"start":{"line":325,"column":6},"end":{"line":325,"column":17}},"142":{"start":{"line":330,"column":4},"end":{"line":365,"column":5}},"143":{"start":{"line":331,"column":23},"end":{"line":331,"column":55}},"144":{"start":{"line":332,"column":23},"end":{"line":332,"column":77}},"145":{"start":{"line":333,"column":6},"end":{"line":333,"column":46}},"146":{"start":{"line":334,"column":6},"end":{"line":336,"column":7}},"147":{"start":{"line":335,"column":8},"end":{"line":335,"column":45}},"148":{"start":{"line":337,"column":17},"end":{"line":341,"column":8}},"149":{"start":{"line":343,"column":22},"end":{"line":355,"column":7}},"150":{"start":{"line":357,"column":28},"end":{"line":357,"column":67}},"151":{"start":{"line":358,"column":6},"end":{"line":358,"column":40}},"152":{"start":{"line":359,"column":6},"end":{"line":359,"column":42}},"153":{"start":{"line":363,"column":6},"end":{"line":363,"column":25}},"154":{"start":{"line":364,"column":6},"end":{"line":364,"column":18}}},"fnMap":{"0":{"name":"(anonymous_0)","decl":{"start":{"line":11,"column":2},"end":{"line":11,"column":3}},"loc":{"start":{"line":11,"column":42},"end":{"line":60,"column":3}},"line":11},"1":{"name":"(anonymous_1)","decl":{"start":{"line":62,"column":2},"end":{"line":62,"column":3}},"loc":{"start":{"line":62,"column":45},"end":{"line":94,"column":3}},"line":62},"2":{"name":"(anonymous_2)","decl":{"start":{"line":96,"column":2},"end":{"line":96,"column":3}},"loc":{"start":{"line":96,"column":47},"end":{"line":121,"column":3}},"line":96},"3":{"name":"(anonymous_3)","decl":{"start":{"line":123,"column":2},"end":{"line":123,"column":3}},"loc":{"start":{"line":123,"column":43},"end":{"line":136,"column":3}},"line":123},"4":{"name":"(anonymous_4)","decl":{"start":{"line":138,"column":2},"end":{"line":138,"column":3}},"loc":{"start":{"line":138,"column":41},"end":{"line":151,"column":3}},"line":138},"5":{"name":"(anonymous_5)","decl":{"start":{"line":153,"column":2},"end":{"line":153,"column":3}},"loc":{"start":{"line":153,"column":48},"end":{"line":168,"column":3}},"line":153},"6":{"name":"(anonymous_6)","decl":{"start":{"line":170,"column":2},"end":{"line":170,"column":3}},"loc":{"start":{"line":170,"column":48},"end":{"line":184,"column":3}},"line":170},"7":{"name":"(anonymous_7)","decl":{"start":{"line":186,"column":2},"end":{"line":186,"column":3}},"loc":{"start":{"line":186,"column":47},"end":{"line":211,"column":3}},"line":186},"8":{"name":"(anonymous_8)","decl":{"start":{"line":213,"column":2},"end":{"line":213,"column":3}},"loc":{"start":{"line":213,"column":41},"end":{"line":228,"column":3}},"line":213},"9":{"name":"(anonymous_9)","decl":{"start":{"line":230,"column":2},"end":{"line":230,"column":3}},"loc":{"start":{"line":230,"column":46},"end":{"line":245,"column":3}},"line":230},"10":{"name":"(anonymous_10)","decl":{"start":{"line":247,"column":2},"end":{"line":247,"column":3}},"loc":{"start":{"line":247,"column":33},"end":{"line":258,"column":3}},"line":247},"11":{"name":"(anonymous_11)","decl":{"start":{"line":260,"column":2},"end":{"line":260,"column":3}},"loc":{"start":{"line":260,"column":47},"end":{"line":284,"column":3}},"line":260},"12":{"name":"(anonymous_12)","decl":{"start":{"line":286,"column":2},"end":{"line":286,"column":3}},"loc":{"start":{"line":286,"column":43},"end":{"line":316,"column":3}},"line":286},"13":{"name":"(anonymous_13)","decl":{"start":{"line":318,"column":2},"end":{"line":318,"column":3}},"loc":{"start":{"line":318,"column":46},"end":{"line":327,"column":3}},"line":318},"14":{"name":"(anonymous_14)","decl":{"start":{"line":329,"column":2},"end":{"line":329,"column":3}},"loc":{"start":{"line":329,"column":53},"end":{"line":366,"column":3}},"line":329}},"branchMap":{"0":{"loc":{"start":{"line":15,"column":6},"end":{"line":21,"column":7}},"type":"if","locations":[{"start":{"line":15,"column":6},"end":{"line":21,"column":7}},{"start":{},"end":{}}],"line":15},"1":{"loc":{"start":{"line":22,"column":6},"end":{"line":28,"column":7}},"type":"if","locations":[{"start":{"line":22,"column":6},"end":{"line":28,"column":7}},{"start":{},"end":{}}],"line":22},"2":{"loc":{"start":{"line":29,"column":6},"end":{"line":33,"column":7}},"type":"if","locations":[{"start":{"line":29,"column":6},"end":{"line":33,"column":7}},{"start":{},"end":{}}],"line":29},"3":{"loc":{"start":{"line":30,"column":24},"end":{"line":30,"column":56}},"type":"cond-expr","locations":[{"start":{"line":30,"column":42},"end":{"line":30,"column":48}},{"start":{"line":30,"column":51},"end":{"line":30,"column":56}}],"line":30},"4":{"loc":{"start":{"line":31,"column":27},"end":{"line":31,"column":68}},"type":"cond-expr","locations":[{"start":{"line":31,"column":48},"end":{"line":31,"column":61}},{"start":{"line":31,"column":64},"end":{"line":31,"column":68}}],"line":31},"5":{"loc":{"start":{"line":67,"column":6},"end":{"line":69,"column":7}},"type":"if","locations":[{"start":{"line":67,"column":6},"end":{"line":69,"column":7}},{"start":{},"end":{}}],"line":67},"6":{"loc":{"start":{"line":127,"column":6},"end":{"line":129,"column":7}},"type":"if","locations":[{"start":{"line":127,"column":6},"end":{"line":129,"column":7}},{"start":{},"end":{}}],"line":127},"7":{"loc":{"start":{"line":140,"column":6},"end":{"line":142,"column":5}},"type":"if","locations":[{"start":{"line":140,"column":6},"end":{"line":142,"column":5}},{"start":{},"end":{}}],"line":140},"8":{"loc":{"start":{"line":157,"column":6},"end":{"line":159,"column":7}},"type":"if","locations":[{"start":{"line":157,"column":6},"end":{"line":159,"column":7}},{"start":{},"end":{}}],"line":157},"9":{"loc":{"start":{"line":174,"column":6},"end":{"line":176,"column":7}},"type":"if","locations":[{"start":{"line":174,"column":6},"end":{"line":176,"column":7}},{"start":{},"end":{}}],"line":174},"10":{"loc":{"start":{"line":189,"column":6},"end":{"line":189,"column":54}},"type":"if","locations":[{"start":{"line":189,"column":6},"end":{"line":189,"column":54}},{"start":{},"end":{}}],"line":189},"11":{"loc":{"start":{"line":203,"column":6},"end":{"line":203,"column":47}},"type":"if","locations":[{"start":{"line":203,"column":6},"end":{"line":203,"column":47}},{"start":{},"end":{}}],"line":203},"12":{"loc":{"start":{"line":217,"column":6},"end":{"line":219,"column":7}},"type":"if","locations":[{"start":{"line":217,"column":6},"end":{"line":219,"column":7}},{"start":{},"end":{}}],"line":217},"13":{"loc":{"start":{"line":234,"column":6},"end":{"line":236,"column":7}},"type":"if","locations":[{"start":{"line":234,"column":6},"end":{"line":236,"column":7}},{"start":{},"end":{}}],"line":234},"14":{"loc":{"start":{"line":263,"column":6},"end":{"line":263,"column":54}},"type":"if","locations":[{"start":{"line":263,"column":6},"end":{"line":263,"column":54}},{"start":{},"end":{}}],"line":263},"15":{"loc":{"start":{"line":276,"column":6},"end":{"line":276,"column":45}},"type":"if","locations":[{"start":{"line":276,"column":6},"end":{"line":276,"column":45}},{"start":{},"end":{}}],"line":276},"16":{"loc":{"start":{"line":334,"column":6},"end":{"line":336,"column":7}},"type":"if","locations":[{"start":{"line":334,"column":6},"end":{"line":336,"column":7}},{"start":{},"end":{}}],"line":334}},"s":{"0":8,"1":8,"2":8,"3":8,"4":8,"5":8,"6":8,"7":8,"8":8,"9":0,"10":0,"11":0,"12":0,"13":0,"14":0,"15":0,"16":0,"17":0,"18":0,"19":0,"20":0,"21":0,"22":0,"23":0,"24":0,"25":0,"26":0,"27":0,"28":0,"29":0,"30":0,"31":0,"32":0,"33":0,"34":0,"35":0,"36":0,"37":0,"38":0,"39":0,"40":0,"41":0,"42":0,"43":0,"44":0,"45":0,"46":0,"47":2,"48":2,"49":0,"50":2,"51":2,"52":1,"53":1,"54":1,"55":0,"56":0,"57":0,"58":0,"59":0,"60":0,"61":0,"62":0,"63":0,"64":0,"65":0,"66":0,"67":0,"68":0,"69":0,"70":0,"71":0,"72":0,"73":0,"74":0,"75":0,"76":0,"77":0,"78":0,"79":0,"80":0,"81":0,"82":0,"83":0,"84":0,"85":0,"86":0,"87":0,"88":0,"89":0,"90":0,"91":0,"92":0,"93":0,"94":0,"95":0,"96":0,"97":0,"98":0,"99":0,"100":0,"101":0,"102":0,"103":0,"104":0,"105":0,"106":0,"107":0,"108":0,"109":0,"110":0,"111":0,"112":0,"113":0,"114":0,"115":0,"116":0,"117":0,"118":0,"119":0,"120":0,"121":0,"122":0,"123":0,"124":0,"125":0,"126":0,"127":0,"128":0,"129":0,"130":0,"131":0,"132":0,"133":0,"134":0,"135":0,"136":0,"137":0,"138":0,"139":0,"140":0,"141":0,"142":0,"143":0,"144":0,"145":0,"146":0,"147":0,"148":0,"149":0,"150":0,"151":0,"152":0,"153":0,"154":0},"f":{"0":0,"1":0,"2":0,"3":0,"4":2,"5":0,"6":0,"7":0,"8":0,"9":0,"10":0,"11":0,"12":0,"13":0,"14":0},"b":{"0":[0,0],"1":[0,0],"2":[0,0],"3":[0,0],"4":[0,0],"5":[0,0],"6":[0,0],"7":[0,2],"8":[0,0],"9":[0,0],"10":[0,0],"11":[0,0],"12":[0,0],"13":[0,0],"14":[0,0],"15":[0,0],"16":[0,0]},"_coverageSchema":"1a1c01bbd47fc00a2c39e90264f33305004495a9","hash":"e2818d9dfba91adcbccf486404f14ca3522e9619"}
,"C:\\Users\\Dhiren Kirpalani\\OneDrive\\Documents\\Individual-project\\IP-RMT46\\Server\\controllers\\UserController.js": {"path":"C:\\Users\\Dhiren Kirpalani\\OneDrive\\Documents\\Individual-project\\IP-RMT46\\Server\\controllers\\UserController.js","statementMap":{"0":{"start":{"line":1,"column":17},"end":{"line":1,"column":37}},"1":{"start":{"line":2,"column":28},"end":{"line":2,"column":56}},"2":{"start":{"line":3,"column":22},"end":{"line":3,"column":47}},"3":{"start":{"line":5,"column":0},"end":{"line":37,"column":1}},"4":{"start":{"line":7,"column":8},"end":{"line":14,"column":9}},"5":{"start":{"line":8,"column":52},"end":{"line":8,"column":60}},"6":{"start":{"line":9,"column":12},"end":{"line":9,"column":63}},"7":{"start":{"line":10,"column":12},"end":{"line":10,"column":55}},"8":{"start":{"line":12,"column":12},"end":{"line":12,"column":31}},"9":{"start":{"line":13,"column":12},"end":{"line":13,"column":24}},"10":{"start":{"line":18,"column":8},"end":{"line":35,"column":9}},"11":{"start":{"line":19,"column":40},"end":{"line":19,"column":48}},"12":{"start":{"line":20,"column":12},"end":{"line":22,"column":13}},"13":{"start":{"line":21,"column":16},"end":{"line":21,"column":50}},"14":{"start":{"line":23,"column":12},"end":{"line":25,"column":13}},"15":{"start":{"line":24,"column":16},"end":{"line":24,"column":53}},"16":{"start":{"line":26,"column":29},"end":{"line":26,"column":76}},"17":{"start":{"line":27,"column":12},"end":{"line":29,"column":13}},"18":{"start":{"line":28,"column":16},"end":{"line":28,"column":45}},"19":{"start":{"line":30,"column":26},"end":{"line":30,"column":56}},"20":{"start":{"line":31,"column":12},"end":{"line":31,"column":57}},"21":{"start":{"line":33,"column":12},"end":{"line":33,"column":31}},"22":{"start":{"line":34,"column":12},"end":{"line":34,"column":24}}},"fnMap":{"0":{"name":"(anonymous_0)","decl":{"start":{"line":6,"column":4},"end":{"line":6,"column":5}},"loc":{"start":{"line":6,"column":46},"end":{"line":15,"column":5}},"line":6},"1":{"name":"(anonymous_1)","decl":{"start":{"line":17,"column":4},"end":{"line":17,"column":5}},"loc":{"start":{"line":17,"column":43},"end":{"line":36,"column":5}},"line":17}},"branchMap":{"0":{"loc":{"start":{"line":20,"column":12},"end":{"line":22,"column":13}},"type":"if","locations":[{"start":{"line":20,"column":12},"end":{"line":22,"column":13}},{"start":{},"end":{}}],"line":20},"1":{"loc":{"start":{"line":23,"column":12},"end":{"line":25,"column":13}},"type":"if","locations":[{"start":{"line":23,"column":12},"end":{"line":25,"column":13}},{"start":{},"end":{}}],"line":23},"2":{"loc":{"start":{"line":27,"column":12},"end":{"line":29,"column":13}},"type":"if","locations":[{"start":{"line":27,"column":12},"end":{"line":29,"column":13}},{"start":{},"end":{}}],"line":27},"3":{"loc":{"start":{"line":27,"column":16},"end":{"line":27,"column":74}},"type":"binary-expr","locations":[{"start":{"line":27,"column":16},"end":{"line":27,"column":25}},{"start":{"line":27,"column":29},"end":{"line":27,"column":74}}],"line":27}},"s":{"0":8,"1":8,"2":8,"3":8,"4":0,"5":0,"6":0,"7":0,"8":0,"9":0,"10":0,"11":0,"12":0,"13":0,"14":0,"15":0,"16":0,"17":0,"18":0,"19":0,"20":0,"21":0,"22":0},"f":{"0":0,"1":0},"b":{"0":[0,0],"1":[0,0],"2":[0,0],"3":[0,0]},"_coverageSchema":"1a1c01bbd47fc00a2c39e90264f33305004495a9","hash":"c0368cd7f232ad1d1c1fa4cf60922d8beebfc6cb"}
,"C:\\Users\\Dhiren Kirpalani\\OneDrive\\Documents\\Individual-project\\IP-RMT46\\Server\\helpers\\bcrypt.js": {"path":"C:\\Users\\Dhiren Kirpalani\\OneDrive\\Documents\\Individual-project\\IP-RMT46\\Server\\helpers\\bcrypt.js","statementMap":{"0":{"start":{"line":1,"column":32},"end":{"line":1,"column":51}},"1":{"start":{"line":3,"column":0},"end":{"line":6,"column":1}},"2":{"start":{"line":4,"column":32},"end":{"line":4,"column":54}},"3":{"start":{"line":5,"column":48},"end":{"line":5,"column":82}}},"fnMap":{"0":{"name":"(anonymous_0)","decl":{"start":{"line":4,"column":18},"end":{"line":4,"column":19}},"loc":{"start":{"line":4,"column":32},"end":{"line":4,"column":54}},"line":4},"1":{"name":"(anonymous_1)","decl":{"start":{"line":5,"column":21},"end":{"line":5,"column":22}},"loc":{"start":{"line":5,"column":48},"end":{"line":5,"column":82}},"line":5}},"branchMap":{},"s":{"0":8,"1":8,"2":6,"3":0},"f":{"0":6,"1":0},"b":{},"_coverageSchema":"1a1c01bbd47fc00a2c39e90264f33305004495a9","hash":"283a82c342fbe47d587311c05328dde31fb78f38"}
,"C:\\Users\\Dhiren Kirpalani\\OneDrive\\Documents\\Individual-project\\IP-RMT46\\Server\\helpers\\jwt.js": {"path":"C:\\Users\\Dhiren Kirpalani\\OneDrive\\Documents\\Individual-project\\IP-RMT46\\Server\\helpers\\jwt.js","statementMap":{"0":{"start":{"line":1,"column":21},"end":{"line":1,"column":44}},"1":{"start":{"line":3,"column":15},"end":{"line":3,"column":37}},"2":{"start":{"line":6,"column":4},"end":{"line":6,"column":45}},"3":{"start":{"line":10,"column":4},"end":{"line":10,"column":45}},"4":{"start":{"line":13,"column":0},"end":{"line":16,"column":1}}},"fnMap":{"0":{"name":"signToken","decl":{"start":{"line":5,"column":9},"end":{"line":5,"column":18}},"loc":{"start":{"line":5,"column":28},"end":{"line":7,"column":1}},"line":5},"1":{"name":"verifyToken","decl":{"start":{"line":9,"column":9},"end":{"line":9,"column":20}},"loc":{"start":{"line":9,"column":28},"end":{"line":11,"column":1}},"line":9}},"branchMap":{},"s":{"0":8,"1":8,"2":12,"3":3,"4":8},"f":{"0":12,"1":3},"b":{},"_coverageSchema":"1a1c01bbd47fc00a2c39e90264f33305004495a9","hash":"4725645022cf265441c52baaedb9a52a659a4d33"}
,"C:\\Users\\Dhiren Kirpalani\\OneDrive\\Documents\\Individual-project\\IP-RMT46\\Server\\middlewares\\authentication.js": {"path":"C:\\Users\\Dhiren Kirpalani\\OneDrive\\Documents\\Individual-project\\IP-RMT46\\Server\\middlewares\\authentication.js","statementMap":{"0":{"start":{"line":1,"column":17},"end":{"line":1,"column":37}},"1":{"start":{"line":2,"column":24},"end":{"line":2,"column":49}},"2":{"start":{"line":5,"column":4},"end":{"line":26,"column":5}},"3":{"start":{"line":6,"column":34},"end":{"line":6,"column":45}},"4":{"start":{"line":7,"column":8},"end":{"line":9,"column":9}},"5":{"start":{"line":8,"column":12},"end":{"line":8,"column":45}},"6":{"start":{"line":10,"column":30},"end":{"line":10,"column":54}},"7":{"start":{"line":11,"column":8},"end":{"line":13,"column":9}},"8":{"start":{"line":12,"column":12},"end":{"line":12,"column":45}},"9":{"start":{"line":14,"column":24},"end":{"line":14,"column":42}},"10":{"start":{"line":15,"column":21},"end":{"line":15,"column":52}},"11":{"start":{"line":16,"column":8},"end":{"line":18,"column":9}},"12":{"start":{"line":17,"column":12},"end":{"line":17,"column":45}},"13":{"start":{"line":19,"column":8},"end":{"line":19,"column":24}},"14":{"start":{"line":21,"column":8},"end":{"line":21,"column":15}},"15":{"start":{"line":24,"column":8},"end":{"line":24,"column":27}},"16":{"start":{"line":25,"column":8},"end":{"line":25,"column":20}},"17":{"start":{"line":29,"column":0},"end":{"line":29,"column":32}}},"fnMap":{"0":{"name":"authentication","decl":{"start":{"line":4,"column":15},"end":{"line":4,"column":29}},"loc":{"start":{"line":4,"column":46},"end":{"line":27,"column":1}},"line":4}},"branchMap":{"0":{"loc":{"start":{"line":7,"column":8},"end":{"line":9,"column":9}},"type":"if","locations":[{"start":{"line":7,"column":8},"end":{"line":9,"column":9}},{"start":{},"end":{}}],"line":7},"1":{"loc":{"start":{"line":11,"column":8},"end":{"line":13,"column":9}},"type":"if","locations":[{"start":{"line":11,"column":8},"end":{"line":13,"column":9}},{"start":{},"end":{}}],"line":11},"2":{"loc":{"start":{"line":16,"column":8},"end":{"line":18,"column":9}},"type":"if","locations":[{"start":{"line":16,"column":8},"end":{"line":18,"column":9}},{"start":{},"end":{}}],"line":16}},"s":{"0":8,"1":8,"2":5,"3":5,"4":5,"5":1,"6":4,"7":4,"8":1,"9":3,"10":2,"11":2,"12":0,"13":2,"14":2,"15":3,"16":3,"17":8},"f":{"0":5},"b":{"0":[1,4],"1":[1,3],"2":[0,2]},"_coverageSchema":"1a1c01bbd47fc00a2c39e90264f33305004495a9","hash":"c2192f1f1fd8af309af86037c800a59dfd3054bb"}
,"C:\\Users\\Dhiren Kirpalani\\OneDrive\\Documents\\Individual-project\\IP-RMT46\\Server\\middlewares\\authorization.js": {"path":"C:\\Users\\Dhiren Kirpalani\\OneDrive\\Documents\\Individual-project\\IP-RMT46\\Server\\middlewares\\authorization.js","statementMap":{"0":{"start":{"line":1,"column":19},"end":{"line":1,"column":39}},"1":{"start":{"line":4,"column":4},"end":{"line":19,"column":5}},"2":{"start":{"line":5,"column":27},"end":{"line":5,"column":37}},"3":{"start":{"line":6,"column":31},"end":{"line":6,"column":62}},"4":{"start":{"line":7,"column":12},"end":{"line":9,"column":13}},"5":{"start":{"line":8,"column":16},"end":{"line":8,"column":41}},"6":{"start":{"line":10,"column":12},"end":{"line":12,"column":13}},"7":{"start":{"line":11,"column":16},"end":{"line":11,"column":44}},"8":{"start":{"line":14,"column":4},"end":{"line":14,"column":11}},"9":{"start":{"line":17,"column":8},"end":{"line":17,"column":27}},"10":{"start":{"line":18,"column":8},"end":{"line":18,"column":20}},"11":{"start":{"line":22,"column":0},"end":{"line":22,"column":31}}},"fnMap":{"0":{"name":"authorization","decl":{"start":{"line":3,"column":15},"end":{"line":3,"column":28}},"loc":{"start":{"line":3,"column":45},"end":{"line":20,"column":1}},"line":3}},"branchMap":{"0":{"loc":{"start":{"line":7,"column":12},"end":{"line":9,"column":13}},"type":"if","locations":[{"start":{"line":7,"column":12},"end":{"line":9,"column":13}},{"start":{},"end":{}}],"line":7},"1":{"loc":{"start":{"line":10,"column":12},"end":{"line":12,"column":13}},"type":"if","locations":[{"start":{"line":10,"column":12},"end":{"line":12,"column":13}},{"start":{},"end":{}}],"line":10}},"s":{"0":8,"1":0,"2":0,"3":0,"4":0,"5":0,"6":0,"7":0,"8":0,"9":0,"10":0,"11":8},"f":{"0":0},"b":{"0":[0,0],"1":[0,0]},"_coverageSchema":"1a1c01bbd47fc00a2c39e90264f33305004495a9","hash":"40650b0c6e7261c6f8c51ecf8ae365cfd482481a"}
,"C:\\Users\\Dhiren Kirpalani\\OneDrive\\Documents\\Individual-project\\IP-RMT46\\Server\\middlewares\\errorHandler.js": {"path":"C:\\Users\\Dhiren Kirpalani\\OneDrive\\Documents\\Individual-project\\IP-RMT46\\Server\\middlewares\\errorHandler.js","statementMap":{"0":{"start":{"line":1,"column":0},"end":{"line":50,"column":1}},"1":{"start":{"line":2,"column":4},"end":{"line":2,"column":53}},"2":{"start":{"line":3,"column":17},"end":{"line":3,"column":36}},"3":{"start":{"line":4,"column":18},"end":{"line":4,"column":58}},"4":{"start":{"line":6,"column":4},"end":{"line":47,"column":5}},"5":{"start":{"line":9,"column":12},"end":{"line":9,"column":24}},"6":{"start":{"line":10,"column":12},"end":{"line":10,"column":37}},"7":{"start":{"line":11,"column":12},"end":{"line":11,"column":18}},"8":{"start":{"line":13,"column":12},"end":{"line":13,"column":24}},"9":{"start":{"line":14,"column":12},"end":{"line":14,"column":49}},"10":{"start":{"line":15,"column":12},"end":{"line":15,"column":18}},"11":{"start":{"line":17,"column":12},"end":{"line":17,"column":24}},"12":{"start":{"line":18,"column":12},"end":{"line":18,"column":33}},"13":{"start":{"line":19,"column":12},"end":{"line":19,"column":18}},"14":{"start":{"line":21,"column":12},"end":{"line":21,"column":24}},"15":{"start":{"line":22,"column":12},"end":{"line":22,"column":38}},"16":{"start":{"line":23,"column":12},"end":{"line":23,"column":18}},"17":{"start":{"line":26,"column":13},"end":{"line":26,"column":25}},"18":{"start":{"line":27,"column":13},"end":{"line":27,"column":46}},"19":{"start":{"line":28,"column":13},"end":{"line":28,"column":19}},"20":{"start":{"line":30,"column":12},"end":{"line":30,"column":24}},"21":{"start":{"line":31,"column":12},"end":{"line":31,"column":41}},"22":{"start":{"line":32,"column":12},"end":{"line":32,"column":18}},"23":{"start":{"line":34,"column":12},"end":{"line":34,"column":24}},"24":{"start":{"line":35,"column":12},"end":{"line":35,"column":44}},"25":{"start":{"line":36,"column":12},"end":{"line":36,"column":18}},"26":{"start":{"line":38,"column":12},"end":{"line":38,"column":24}},"27":{"start":{"line":39,"column":12},"end":{"line":39,"column":46}},"28":{"start":{"line":40,"column":12},"end":{"line":40,"column":18}},"29":{"start":{"line":42,"column":12},"end":{"line":42,"column":24}},"30":{"start":{"line":43,"column":12},"end":{"line":43,"column":49}},"31":{"start":{"line":44,"column":12},"end":{"line":44,"column":18}},"32":{"start":{"line":46,"column":12},"end":{"line":46,"column":18}},"33":{"start":{"line":49,"column":4},"end":{"line":49,"column":55}}},"fnMap":{"0":{"name":"(anonymous_0)","decl":{"start":{"line":1,"column":17},"end":{"line":1,"column":18}},"loc":{"start":{"line":1,"column":44},"end":{"line":50,"column":1}},"line":1}},"branchMap":{"0":{"loc":{"start":{"line":3,"column":17},"end":{"line":3,"column":36}},"type":"binary-expr","locations":[{"start":{"line":3,"column":17},"end":{"line":3,"column":29}},{"start":{"line":3,"column":33},"end":{"line":3,"column":36}}],"line":3},"1":{"loc":{"start":{"line":4,"column":18},"end":{"line":4,"column":58}},"type":"binary-expr","locations":[{"start":{"line":4,"column":18},"end":{"line":4,"column":31}},{"start":{"line":4,"column":35},"end":{"line":4,"column":58}}],"line":4},"2":{"loc":{"start":{"line":6,"column":4},"end":{"line":47,"column":5}},"type":"switch","locations":[{"start":{"line":7,"column":8},"end":{"line":7,"column":33}},{"start":{"line":8,"column":8},"end":{"line":11,"column":18}},{"start":{"line":12,"column":8},"end":{"line":15,"column":18}},{"start":{"line":16,"column":8},"end":{"line":19,"column":18}},{"start":{"line":20,"column":8},"end":{"line":23,"column":18}},{"start":{"line":24,"column":8},"end":{"line":24,"column":40}},{"start":{"line":25,"column":8},"end":{"line":28,"column":19}},{"start":{"line":29,"column":8},"end":{"line":32,"column":18}},{"start":{"line":33,"column":8},"end":{"line":36,"column":18}},{"start":{"line":37,"column":8},"end":{"line":40,"column":18}},{"start":{"line":41,"column":8},"end":{"line":44,"column":18}},{"start":{"line":45,"column":8},"end":{"line":46,"column":18}}],"line":6}},"s":{"0":8,"1":4,"2":4,"3":4,"4":4,"5":3,"6":3,"7":3,"8":0,"9":0,"10":0,"11":0,"12":0,"13":0,"14":0,"15":0,"16":0,"17":1,"18":1,"19":1,"20":0,"21":0,"22":0,"23":0,"24":0,"25":0,"26":0,"27":0,"28":0,"29":0,"30":0,"31":0,"32":0,"33":4},"f":{"0":4},"b":{"0":[4,4],"1":[4,2],"2":[1,3,0,0,0,1,1,0,0,0,0,0]},"_coverageSchema":"1a1c01bbd47fc00a2c39e90264f33305004495a9","hash":"095144e40615b750aaef2ad349267997d32f7aff"}
,"C:\\Users\\Dhiren Kirpalani\\OneDrive\\Documents\\Individual-project\\IP-RMT46\\Server\\models\\burger.js": {"path":"C:\\Users\\Dhiren Kirpalani\\OneDrive\\Documents\\Individual-project\\IP-RMT46\\Server\\models\\burger.js","statementMap":{"0":{"start":{"line":4,"column":4},"end":{"line":4,"column":24}},"1":{"start":{"line":5,"column":0},"end":{"line":87,"column":2}},"2":{"start":{"line":14,"column":6},"end":{"line":14,"column":59}},"3":{"start":{"line":17,"column":2},"end":{"line":85,"column":5}},"4":{"start":{"line":86,"column":2},"end":{"line":86,"column":16}}},"fnMap":{"0":{"name":"(anonymous_0)","decl":{"start":{"line":5,"column":17},"end":{"line":5,"column":18}},"loc":{"start":{"line":5,"column":43},"end":{"line":87,"column":1}},"line":5},"1":{"name":"(anonymous_1)","decl":{"start":{"line":12,"column":4},"end":{"line":12,"column":5}},"loc":{"start":{"line":12,"column":29},"end":{"line":15,"column":5}},"line":12}},"branchMap":{},"s":{"0":8,"1":8,"2":8,"3":8,"4":8},"f":{"0":8,"1":8},"b":{},"_coverageSchema":"1a1c01bbd47fc00a2c39e90264f33305004495a9","hash":"1a0207079c463ca8b8dcfadab484d368330df6d9"}
,"C:\\Users\\Dhiren Kirpalani\\OneDrive\\Documents\\Individual-project\\IP-RMT46\\Server\\models\\cart.js": {"path":"C:\\Users\\Dhiren Kirpalani\\OneDrive\\Documents\\Individual-project\\IP-RMT46\\Server\\models\\cart.js","statementMap":{"0":{"start":{"line":4,"column":4},"end":{"line":4,"column":24}},"1":{"start":{"line":5,"column":0},"end":{"line":69,"column":2}},"2":{"start":{"line":14,"column":6},"end":{"line":14,"column":57}},"3":{"start":{"line":15,"column":6},"end":{"line":15,"column":61}},"4":{"start":{"line":18,"column":2},"end":{"line":67,"column":5}},"5":{"start":{"line":68,"column":2},"end":{"line":68,"column":14}}},"fnMap":{"0":{"name":"(anonymous_0)","decl":{"start":{"line":5,"column":17},"end":{"line":5,"column":18}},"loc":{"start":{"line":5,"column":43},"end":{"line":69,"column":1}},"line":5},"1":{"name":"(anonymous_1)","decl":{"start":{"line":12,"column":4},"end":{"line":12,"column":5}},"loc":{"start":{"line":12,"column":29},"end":{"line":16,"column":5}},"line":12}},"branchMap":{},"s":{"0":8,"1":8,"2":8,"3":8,"4":8,"5":8},"f":{"0":8,"1":8},"b":{},"_coverageSchema":"1a1c01bbd47fc00a2c39e90264f33305004495a9","hash":"8b5ed71edbdded249d96f768fed7dcc6d1f0d787"}
,"C:\\Users\\Dhiren Kirpalani\\OneDrive\\Documents\\Individual-project\\IP-RMT46\\Server\\models\\index.js": {"path":"C:\\Users\\Dhiren Kirpalani\\OneDrive\\Documents\\Individual-project\\IP-RMT46\\Server\\models\\index.js","statementMap":{"0":{"start":{"line":3,"column":11},"end":{"line":3,"column":24}},"1":{"start":{"line":4,"column":13},"end":{"line":4,"column":28}},"2":{"start":{"line":5,"column":18},"end":{"line":5,"column":38}},"3":{"start":{"line":6,"column":16},"end":{"line":6,"column":34}},"4":{"start":{"line":7,"column":17},"end":{"line":7,"column":42}},"5":{"start":{"line":8,"column":12},"end":{"line":8,"column":49}},"6":{"start":{"line":9,"column":15},"end":{"line":9,"column":65}},"7":{"start":{"line":10,"column":11},"end":{"line":10,"column":13}},"8":{"start":{"line":13,"column":0},"end":{"line":17,"column":1}},"9":{"start":{"line":14,"column":2},"end":{"line":14,"column":74}},"10":{"start":{"line":16,"column":2},"end":{"line":16,"column":87}},"11":{"start":{"line":19,"column":0},"end":{"line":32,"column":5}},"12":{"start":{"line":22,"column":4},"end":{"line":27,"column":6}},"13":{"start":{"line":30,"column":18},"end":{"line":30,"column":85}},"14":{"start":{"line":31,"column":4},"end":{"line":31,"column":27}},"15":{"start":{"line":34,"column":0},"end":{"line":38,"column":3}},"16":{"start":{"line":35,"column":2},"end":{"line":37,"column":3}},"17":{"start":{"line":36,"column":4},"end":{"line":36,"column":32}},"18":{"start":{"line":40,"column":0},"end":{"line":40,"column":25}},"19":{"start":{"line":41,"column":0},"end":{"line":41,"column":25}},"20":{"start":{"line":43,"column":0},"end":{"line":43,"column":20}}},"fnMap":{"0":{"name":"(anonymous_0)","decl":{"start":{"line":21,"column":10},"end":{"line":21,"column":11}},"loc":{"start":{"line":21,"column":18},"end":{"line":28,"column":3}},"line":21},"1":{"name":"(anonymous_1)","decl":{"start":{"line":29,"column":11},"end":{"line":29,"column":12}},"loc":{"start":{"line":29,"column":19},"end":{"line":32,"column":3}},"line":29},"2":{"name":"(anonymous_2)","decl":{"start":{"line":34,"column":24},"end":{"line":34,"column":25}},"loc":{"start":{"line":34,"column":37},"end":{"line":38,"column":1}},"line":34}},"branchMap":{"0":{"loc":{"start":{"line":8,"column":12},"end":{"line":8,"column":49}},"type":"binary-expr","locations":[{"start":{"line":8,"column":12},"end":{"line":8,"column":32}},{"start":{"line":8,"column":36},"end":{"line":8,"column":49}}],"line":8},"1":{"loc":{"start":{"line":13,"column":0},"end":{"line":17,"column":1}},"type":"if","locations":[{"start":{"line":13,"column":0},"end":{"line":17,"column":1}},{"start":{"line":15,"column":7},"end":{"line":17,"column":1}}],"line":13},"2":{"loc":{"start":{"line":23,"column":6},"end":{"line":26,"column":37}},"type":"binary-expr","locations":[{"start":{"line":23,"column":6},"end":{"line":23,"column":29}},{"start":{"line":24,"column":6},"end":{"line":24,"column":23}},{"start":{"line":25,"column":6},"end":{"line":25,"column":30}},{"start":{"line":26,"column":6},"end":{"line":26,"column":37}}],"line":23},"3":{"loc":{"start":{"line":35,"column":2},"end":{"line":37,"column":3}},"type":"if","locations":[{"start":{"line":35,"column":2},"end":{"line":37,"column":3}},{"start":{},"end":{}}],"line":35}},"s":{"0":8,"1":8,"2":8,"3":8,"4":8,"5":8,"6":8,"7":8,"8":8,"9":0,"10":8,"11":8,"12":32,"13":24,"14":24,"15":8,"16":24,"17":24,"18":8,"19":8,"20":8},"f":{"0":32,"1":24,"2":24},"b":{"0":[8,0],"1":[0,8],"2":[32,32,24,24],"3":[24,0]},"_coverageSchema":"1a1c01bbd47fc00a2c39e90264f33305004495a9","hash":"36e427aa426f30bb39fa2ef766d57c87c1c9b162"}
,"C:\\Users\\Dhiren Kirpalani\\OneDrive\\Documents\\Individual-project\\IP-RMT46\\Server\\models\\user.js": {"path":"C:\\Users\\Dhiren Kirpalani\\OneDrive\\Documents\\Individual-project\\IP-RMT46\\Server\\models\\user.js","statementMap":{"0":{"start":{"line":2,"column":23},"end":{"line":2,"column":51}},"1":{"start":{"line":5,"column":4},"end":{"line":5,"column":24}},"2":{"start":{"line":6,"column":0},"end":{"line":85,"column":2}},"3":{"start":{"line":15,"column":6},"end":{"line":15,"column":55}},"4":{"start":{"line":18,"column":2},"end":{"line":83,"column":5}},"5":{"start":{"line":80,"column":8},"end":{"line":80,"column":53}},"6":{"start":{"line":84,"column":2},"end":{"line":84,"column":14}}},"fnMap":{"0":{"name":"(anonymous_0)","decl":{"start":{"line":6,"column":17},"end":{"line":6,"column":18}},"loc":{"start":{"line":6,"column":43},"end":{"line":85,"column":1}},"line":6},"1":{"name":"(anonymous_1)","decl":{"start":{"line":13,"column":4},"end":{"line":13,"column":5}},"loc":{"start":{"line":13,"column":29},"end":{"line":16,"column":5}},"line":13},"2":{"name":"(anonymous_2)","decl":{"start":{"line":79,"column":6},"end":{"line":79,"column":7}},"loc":{"start":{"line":79,"column":35},"end":{"line":81,"column":7}},"line":79}},"branchMap":{},"s":{"0":8,"1":8,"2":8,"3":8,"4":8,"5":0,"6":8},"f":{"0":8,"1":8,"2":0},"b":{},"_coverageSchema":"1a1c01bbd47fc00a2c39e90264f33305004495a9","hash":"48ddf4bb6d1e8a52979732d43a9185762b859c92"}
}
