{"C:\\Users\\Dhiren Kirpalani\\OneDrive\\Documents\\Individual-project\\IP\\Server\\app.js": {"path":"C:\\Users\\Dhiren Kirpalani\\OneDrive\\Documents\\Individual-project\\IP\\Server\\app.js","statementMap":{"0":{"start":{"line":1,"column":0},"end":{"line":3,"column":1}},"1":{"start":{"line":2,"column":4},"end":{"line":2,"column":31}},"2":{"start":{"line":5,"column":16},"end":{"line":5,"column":34}},"3":{"start":{"line":6,"column":12},"end":{"line":6,"column":21}},"4":{"start":{"line":7,"column":13},"end":{"line":7,"column":17}},"5":{"start":{"line":9,"column":23},"end":{"line":9,"column":62}},"6":{"start":{"line":10,"column":25},"end":{"line":10,"column":66}},"7":{"start":{"line":11,"column":23},"end":{"line":11,"column":62}},"8":{"start":{"line":12,"column":22},"end":{"line":12,"column":60}},"9":{"start":{"line":13,"column":21},"end":{"line":13,"column":58}},"10":{"start":{"line":15,"column":15},"end":{"line":15,"column":32}},"11":{"start":{"line":16,"column":15},"end":{"line":16,"column":58}},"12":{"start":{"line":17,"column":13},"end":{"line":17,"column":28}},"13":{"start":{"line":19,"column":0},"end":{"line":19,"column":46}},"14":{"start":{"line":20,"column":0},"end":{"line":20,"column":24}},"15":{"start":{"line":21,"column":0},"end":{"line":21,"column":16}},"16":{"start":{"line":23,"column":0},"end":{"line":25,"column":2}},"17":{"start":{"line":24,"column":4},"end":{"line":24,"column":58}},"18":{"start":{"line":27,"column":0},"end":{"line":27,"column":51}},"19":{"start":{"line":28,"column":0},"end":{"line":28,"column":45}},"20":{"start":{"line":30,"column":0},"end":{"line":30,"column":49}},"21":{"start":{"line":32,"column":0},"end":{"line":32,"column":56}},"22":{"start":{"line":36,"column":0},"end":{"line":36,"column":60}},"23":{"start":{"line":37,"column":0},"end":{"line":37,"column":102}},"24":{"start":{"line":38,"column":0},"end":{"line":38,"column":63}},"25":{"start":{"line":39,"column":0},"end":{"line":39,"column":77}},"26":{"start":{"line":40,"column":0},"end":{"line":40,"column":96}},"27":{"start":{"line":41,"column":0},"end":{"line":41,"column":65}},"28":{"start":{"line":42,"column":0},"end":{"line":42,"column":62}},"29":{"start":{"line":43,"column":0},"end":{"line":43,"column":96}},"30":{"start":{"line":44,"column":0},"end":{"line":44,"column":99}},"31":{"start":{"line":45,"column":0},"end":{"line":45,"column":127}},"32":{"start":{"line":46,"column":0},"end":{"line":46,"column":72}},"33":{"start":{"line":47,"column":0},"end":{"line":47,"column":79}},"34":{"start":{"line":49,"column":0},"end":{"line":49,"column":22}},"35":{"start":{"line":51,"column":0},"end":{"line":51,"column":21}}},"fnMap":{"0":{"name":"(anonymous_0)","decl":{"start":{"line":23,"column":13},"end":{"line":23,"column":14}},"loc":{"start":{"line":23,"column":27},"end":{"line":25,"column":1}},"line":23}},"branchMap":{"0":{"loc":{"start":{"line":1,"column":0},"end":{"line":3,"column":1}},"type":"if","locations":[{"start":{"line":1,"column":0},"end":{"line":3,"column":1}},{"start":{},"end":{}}],"line":1}},"s":{"0":11,"1":11,"2":11,"3":11,"4":11,"5":11,"6":11,"7":11,"8":11,"9":11,"10":11,"11":11,"12":11,"13":11,"14":11,"15":11,"16":11,"17":0,"18":11,"19":11,"20":11,"21":11,"22":11,"23":11,"24":11,"25":11,"26":11,"27":11,"28":11,"29":11,"30":11,"31":11,"32":11,"33":11,"34":11,"35":11},"f":{"0":0},"b":{"0":[11,0]},"_coverageSchema":"1a1c01bbd47fc00a2c39e90264f33305004495a9","hash":"f22f115ac24762d1783fa4f1d11bcf6e1a126f43"}
,"C:\\Users\\Dhiren Kirpalani\\OneDrive\\Documents\\Individual-project\\IP\\Server\\controllers\\BurgerController.js": {"path":"C:\\Users\\Dhiren Kirpalani\\OneDrive\\Documents\\Individual-project\\IP\\Server\\controllers\\BurgerController.js","statementMap":{"0":{"start":{"line":1,"column":31},"end":{"line":1,"column":51}},"1":{"start":{"line":2,"column":15},"end":{"line":2,"column":35}},"2":{"start":{"line":3,"column":27},"end":{"line":3,"column":63}},"3":{"start":{"line":4,"column":14},"end":{"line":4,"column":30}},"4":{"start":{"line":5,"column":25},"end":{"line":5,"column":55}},"5":{"start":{"line":6,"column":15},"end":{"line":6,"column":33}},"6":{"start":{"line":7,"column":22},"end":{"line":7,"column":47}},"7":{"start":{"line":8,"column":23},"end":{"line":8,"column":49}},"8":{"start":{"line":10,"column":0},"end":{"line":329,"column":1}},"9":{"start":{"line":12,"column":4},"end":{"line":39,"column":5}},"10":{"start":{"line":13,"column":45},"end":{"line":13,"column":54}},"11":{"start":{"line":14,"column":19},"end":{"line":14,"column":21}},"12":{"start":{"line":15,"column":6},"end":{"line":21,"column":7}},"13":{"start":{"line":16,"column":8},"end":{"line":20,"column":9}},"14":{"start":{"line":22,"column":6},"end":{"line":28,"column":7}},"15":{"start":{"line":23,"column":8},"end":{"line":27,"column":9}},"16":{"start":{"line":29,"column":6},"end":{"line":33,"column":7}},"17":{"start":{"line":30,"column":24},"end":{"line":30,"column":56}},"18":{"start":{"line":31,"column":27},"end":{"line":31,"column":68}},"19":{"start":{"line":32,"column":8},"end":{"line":32,"column":46}},"20":{"start":{"line":34,"column":25},"end":{"line":34,"column":53}},"21":{"start":{"line":35,"column":6},"end":{"line":35,"column":38}},"22":{"start":{"line":37,"column":6},"end":{"line":37,"column":24}},"23":{"start":{"line":38,"column":6},"end":{"line":38,"column":18}},"24":{"start":{"line":45,"column":25},"end":{"line":45,"column":35}},"25":{"start":{"line":46,"column":4},"end":{"line":55,"column":5}},"26":{"start":{"line":47,"column":25},"end":{"line":47,"column":56}},"27":{"start":{"line":48,"column":6},"end":{"line":50,"column":7}},"28":{"start":{"line":49,"column":8},"end":{"line":49,"column":35}},"29":{"start":{"line":51,"column":6},"end":{"line":51,"column":38}},"30":{"start":{"line":53,"column":6},"end":{"line":53,"column":24}},"31":{"start":{"line":54,"column":6},"end":{"line":54,"column":18}},"32":{"start":{"line":60,"column":21},"end":{"line":60,"column":30}},"33":{"start":{"line":62,"column":20},"end":{"line":73,"column":5}},"34":{"start":{"line":75,"column":4},"end":{"line":82,"column":5}},"35":{"start":{"line":76,"column":23},"end":{"line":76,"column":51}},"36":{"start":{"line":77,"column":6},"end":{"line":77,"column":33}},"37":{"start":{"line":78,"column":6},"end":{"line":78,"column":41}},"38":{"start":{"line":80,"column":6},"end":{"line":80,"column":27}},"39":{"start":{"line":81,"column":6},"end":{"line":81,"column":18}},"40":{"start":{"line":87,"column":4},"end":{"line":97,"column":5}},"41":{"start":{"line":88,"column":27},"end":{"line":88,"column":81}},"42":{"start":{"line":89,"column":6},"end":{"line":91,"column":7}},"43":{"start":{"line":90,"column":8},"end":{"line":90,"column":33}},"44":{"start":{"line":92,"column":6},"end":{"line":92,"column":48}},"45":{"start":{"line":95,"column":6},"end":{"line":95,"column":25}},"46":{"start":{"line":96,"column":6},"end":{"line":96,"column":17}},"47":{"start":{"line":101,"column":4},"end":{"line":112,"column":5}},"48":{"start":{"line":102,"column":6},"end":{"line":104,"column":5}},"49":{"start":{"line":103,"column":8},"end":{"line":103,"column":36}},"50":{"start":{"line":105,"column":49},"end":{"line":105,"column":57}},"51":{"start":{"line":106,"column":25},"end":{"line":106,"column":80}},"52":{"start":{"line":107,"column":6},"end":{"line":107,"column":88}},"53":{"start":{"line":110,"column":6},"end":{"line":110,"column":25}},"54":{"start":{"line":111,"column":6},"end":{"line":111,"column":17}},"55":{"start":{"line":116,"column":4},"end":{"line":129,"column":5}},"56":{"start":{"line":117,"column":27},"end":{"line":117,"column":37}},"57":{"start":{"line":118,"column":25},"end":{"line":118,"column":56}},"58":{"start":{"line":119,"column":6},"end":{"line":121,"column":7}},"59":{"start":{"line":120,"column":8},"end":{"line":120,"column":35}},"60":{"start":{"line":122,"column":49},"end":{"line":122,"column":57}},"61":{"start":{"line":123,"column":6},"end":{"line":123,"column":102}},"62":{"start":{"line":124,"column":6},"end":{"line":124,"column":74}},"63":{"start":{"line":127,"column":6},"end":{"line":127,"column":25}},"64":{"start":{"line":128,"column":6},"end":{"line":128,"column":17}},"65":{"start":{"line":133,"column":4},"end":{"line":145,"column":5}},"66":{"start":{"line":134,"column":27},"end":{"line":134,"column":37}},"67":{"start":{"line":135,"column":25},"end":{"line":135,"column":56}},"68":{"start":{"line":136,"column":6},"end":{"line":138,"column":7}},"69":{"start":{"line":137,"column":8},"end":{"line":137,"column":35}},"70":{"start":{"line":139,"column":6},"end":{"line":139,"column":67}},"71":{"start":{"line":140,"column":6},"end":{"line":140,"column":74}},"72":{"start":{"line":143,"column":6},"end":{"line":143,"column":25}},"73":{"start":{"line":144,"column":6},"end":{"line":144,"column":17}},"74":{"start":{"line":149,"column":4},"end":{"line":172,"column":5}},"75":{"start":{"line":151,"column":6},"end":{"line":151,"column":54}},"76":{"start":{"line":151,"column":21},"end":{"line":151,"column":54}},"77":{"start":{"line":153,"column":25},"end":{"line":153,"column":49}},"78":{"start":{"line":154,"column":6},"end":{"line":158,"column":9}},"79":{"start":{"line":159,"column":22},"end":{"line":159,"column":107}},"80":{"start":{"line":160,"column":21},"end":{"line":160,"column":85}},"81":{"start":{"line":162,"column":27},"end":{"line":162,"column":37}},"82":{"start":{"line":163,"column":21},"end":{"line":163,"column":52}},"83":{"start":{"line":165,"column":6},"end":{"line":165,"column":47}},"84":{"start":{"line":165,"column":19},"end":{"line":165,"column":47}},"85":{"start":{"line":167,"column":6},"end":{"line":167,"column":57}},"86":{"start":{"line":169,"column":6},"end":{"line":169,"column":57}},"87":{"start":{"line":171,"column":6},"end":{"line":171,"column":18}},"88":{"start":{"line":176,"column":4},"end":{"line":189,"column":5}},"89":{"start":{"line":177,"column":27},"end":{"line":177,"column":37}},"90":{"start":{"line":178,"column":25},"end":{"line":178,"column":56}},"91":{"start":{"line":179,"column":6},"end":{"line":181,"column":7}},"92":{"start":{"line":180,"column":8},"end":{"line":180,"column":35}},"93":{"start":{"line":182,"column":27},"end":{"line":182,"column":35}},"94":{"start":{"line":183,"column":6},"end":{"line":183,"column":79}},"95":{"start":{"line":184,"column":6},"end":{"line":184,"column":96}},"96":{"start":{"line":187,"column":6},"end":{"line":187,"column":25}},"97":{"start":{"line":188,"column":6},"end":{"line":188,"column":17}},"98":{"start":{"line":193,"column":4},"end":{"line":206,"column":5}},"99":{"start":{"line":194,"column":27},"end":{"line":194,"column":37}},"100":{"start":{"line":195,"column":25},"end":{"line":195,"column":76}},"101":{"start":{"line":196,"column":6},"end":{"line":198,"column":7}},"102":{"start":{"line":197,"column":8},"end":{"line":197,"column":35}},"103":{"start":{"line":200,"column":6},"end":{"line":200,"column":71}},"104":{"start":{"line":201,"column":6},"end":{"line":201,"column":88}},"105":{"start":{"line":204,"column":6},"end":{"line":204,"column":25}},"106":{"start":{"line":205,"column":6},"end":{"line":205,"column":17}},"107":{"start":{"line":211,"column":4},"end":{"line":219,"column":5}},"108":{"start":{"line":212,"column":23},"end":{"line":212,"column":55}},"109":{"start":{"line":213,"column":68},"end":{"line":213,"column":76}},"110":{"start":{"line":214,"column":6},"end":{"line":214,"column":89}},"111":{"start":{"line":217,"column":6},"end":{"line":217,"column":25}},"112":{"start":{"line":218,"column":6},"end":{"line":218,"column":17}},"113":{"start":{"line":223,"column":4},"end":{"line":245,"column":5}},"114":{"start":{"line":225,"column":6},"end":{"line":225,"column":54}},"115":{"start":{"line":225,"column":21},"end":{"line":225,"column":54}},"116":{"start":{"line":227,"column":25},"end":{"line":227,"column":49}},"117":{"start":{"line":228,"column":6},"end":{"line":232,"column":9}},"118":{"start":{"line":233,"column":22},"end":{"line":233,"column":107}},"119":{"start":{"line":234,"column":21},"end":{"line":234,"column":85}},"120":{"start":{"line":236,"column":19},"end":{"line":236,"column":51}},"121":{"start":{"line":238,"column":6},"end":{"line":238,"column":45}},"122":{"start":{"line":238,"column":17},"end":{"line":238,"column":45}},"123":{"start":{"line":240,"column":6},"end":{"line":240,"column":57}},"124":{"start":{"line":242,"column":6},"end":{"line":242,"column":57}},"125":{"start":{"line":244,"column":6},"end":{"line":244,"column":18}},"126":{"start":{"line":250,"column":28},"end":{"line":250,"column":36}},"127":{"start":{"line":252,"column":4},"end":{"line":252,"column":25}},"128":{"start":{"line":254,"column":4},"end":{"line":277,"column":5}},"129":{"start":{"line":255,"column":21},"end":{"line":260,"column":8}},"130":{"start":{"line":261,"column":30},"end":{"line":261,"column":49}},"131":{"start":{"line":262,"column":30},"end":{"line":269,"column":8}},"132":{"start":{"line":270,"column":6},"end":{"line":270,"column":36}},"133":{"start":{"line":271,"column":20},"end":{"line":271,"column":46}},"134":{"start":{"line":272,"column":6},"end":{"line":272,"column":73}},"135":{"start":{"line":275,"column":6},"end":{"line":275,"column":25}},"136":{"start":{"line":276,"column":6},"end":{"line":276,"column":18}},"137":{"start":{"line":281,"column":4},"end":{"line":288,"column":5}},"138":{"start":{"line":282,"column":6},"end":{"line":282,"column":106}},"139":{"start":{"line":283,"column":6},"end":{"line":283,"column":76}},"140":{"start":{"line":286,"column":6},"end":{"line":286,"column":25}},"141":{"start":{"line":287,"column":6},"end":{"line":287,"column":17}},"142":{"start":{"line":292,"column":4},"end":{"line":327,"column":5}},"143":{"start":{"line":293,"column":23},"end":{"line":293,"column":55}},"144":{"start":{"line":294,"column":23},"end":{"line":294,"column":77}},"145":{"start":{"line":295,"column":6},"end":{"line":295,"column":46}},"146":{"start":{"line":296,"column":6},"end":{"line":298,"column":7}},"147":{"start":{"line":297,"column":8},"end":{"line":297,"column":45}},"148":{"start":{"line":299,"column":17},"end":{"line":303,"column":8}},"149":{"start":{"line":305,"column":22},"end":{"line":317,"column":7}},"150":{"start":{"line":319,"column":28},"end":{"line":319,"column":67}},"151":{"start":{"line":320,"column":6},"end":{"line":320,"column":40}},"152":{"start":{"line":321,"column":6},"end":{"line":321,"column":42}},"153":{"start":{"line":325,"column":6},"end":{"line":325,"column":25}},"154":{"start":{"line":326,"column":6},"end":{"line":326,"column":18}}},"fnMap":{"0":{"name":"(anonymous_0)","decl":{"start":{"line":11,"column":2},"end":{"line":11,"column":3}},"loc":{"start":{"line":11,"column":42},"end":{"line":41,"column":3}},"line":11},"1":{"name":"(anonymous_1)","decl":{"start":{"line":43,"column":2},"end":{"line":43,"column":3}},"loc":{"start":{"line":43,"column":45},"end":{"line":56,"column":3}},"line":43},"2":{"name":"(anonymous_2)","decl":{"start":{"line":58,"column":2},"end":{"line":58,"column":3}},"loc":{"start":{"line":58,"column":47},"end":{"line":83,"column":3}},"line":58},"3":{"name":"(anonymous_3)","decl":{"start":{"line":85,"column":2},"end":{"line":85,"column":3}},"loc":{"start":{"line":85,"column":43},"end":{"line":98,"column":3}},"line":85},"4":{"name":"(anonymous_4)","decl":{"start":{"line":100,"column":2},"end":{"line":100,"column":3}},"loc":{"start":{"line":100,"column":41},"end":{"line":113,"column":3}},"line":100},"5":{"name":"(anonymous_5)","decl":{"start":{"line":115,"column":2},"end":{"line":115,"column":3}},"loc":{"start":{"line":115,"column":48},"end":{"line":130,"column":3}},"line":115},"6":{"name":"(anonymous_6)","decl":{"start":{"line":132,"column":2},"end":{"line":132,"column":3}},"loc":{"start":{"line":132,"column":48},"end":{"line":146,"column":3}},"line":132},"7":{"name":"(anonymous_7)","decl":{"start":{"line":148,"column":2},"end":{"line":148,"column":3}},"loc":{"start":{"line":148,"column":47},"end":{"line":173,"column":3}},"line":148},"8":{"name":"(anonymous_8)","decl":{"start":{"line":175,"column":2},"end":{"line":175,"column":3}},"loc":{"start":{"line":175,"column":41},"end":{"line":190,"column":3}},"line":175},"9":{"name":"(anonymous_9)","decl":{"start":{"line":192,"column":2},"end":{"line":192,"column":3}},"loc":{"start":{"line":192,"column":46},"end":{"line":207,"column":3}},"line":192},"10":{"name":"(anonymous_10)","decl":{"start":{"line":209,"column":2},"end":{"line":209,"column":3}},"loc":{"start":{"line":209,"column":39},"end":{"line":220,"column":3}},"line":209},"11":{"name":"(anonymous_11)","decl":{"start":{"line":222,"column":2},"end":{"line":222,"column":3}},"loc":{"start":{"line":222,"column":47},"end":{"line":246,"column":3}},"line":222},"12":{"name":"(anonymous_12)","decl":{"start":{"line":248,"column":2},"end":{"line":248,"column":3}},"loc":{"start":{"line":248,"column":43},"end":{"line":278,"column":3}},"line":248},"13":{"name":"(anonymous_13)","decl":{"start":{"line":280,"column":2},"end":{"line":280,"column":3}},"loc":{"start":{"line":280,"column":46},"end":{"line":289,"column":3}},"line":280},"14":{"name":"(anonymous_14)","decl":{"start":{"line":291,"column":2},"end":{"line":291,"column":3}},"loc":{"start":{"line":291,"column":53},"end":{"line":328,"column":3}},"line":291}},"branchMap":{"0":{"loc":{"start":{"line":15,"column":6},"end":{"line":21,"column":7}},"type":"if","locations":[{"start":{"line":15,"column":6},"end":{"line":21,"column":7}},{"start":{},"end":{}}],"line":15},"1":{"loc":{"start":{"line":22,"column":6},"end":{"line":28,"column":7}},"type":"if","locations":[{"start":{"line":22,"column":6},"end":{"line":28,"column":7}},{"start":{},"end":{}}],"line":22},"2":{"loc":{"start":{"line":29,"column":6},"end":{"line":33,"column":7}},"type":"if","locations":[{"start":{"line":29,"column":6},"end":{"line":33,"column":7}},{"start":{},"end":{}}],"line":29},"3":{"loc":{"start":{"line":30,"column":24},"end":{"line":30,"column":56}},"type":"cond-expr","locations":[{"start":{"line":30,"column":42},"end":{"line":30,"column":48}},{"start":{"line":30,"column":51},"end":{"line":30,"column":56}}],"line":30},"4":{"loc":{"start":{"line":31,"column":27},"end":{"line":31,"column":68}},"type":"cond-expr","locations":[{"start":{"line":31,"column":48},"end":{"line":31,"column":61}},{"start":{"line":31,"column":64},"end":{"line":31,"column":68}}],"line":31},"5":{"loc":{"start":{"line":48,"column":6},"end":{"line":50,"column":7}},"type":"if","locations":[{"start":{"line":48,"column":6},"end":{"line":50,"column":7}},{"start":{},"end":{}}],"line":48},"6":{"loc":{"start":{"line":89,"column":6},"end":{"line":91,"column":7}},"type":"if","locations":[{"start":{"line":89,"column":6},"end":{"line":91,"column":7}},{"start":{},"end":{}}],"line":89},"7":{"loc":{"start":{"line":102,"column":6},"end":{"line":104,"column":5}},"type":"if","locations":[{"start":{"line":102,"column":6},"end":{"line":104,"column":5}},{"start":{},"end":{}}],"line":102},"8":{"loc":{"start":{"line":119,"column":6},"end":{"line":121,"column":7}},"type":"if","locations":[{"start":{"line":119,"column":6},"end":{"line":121,"column":7}},{"start":{},"end":{}}],"line":119},"9":{"loc":{"start":{"line":136,"column":6},"end":{"line":138,"column":7}},"type":"if","locations":[{"start":{"line":136,"column":6},"end":{"line":138,"column":7}},{"start":{},"end":{}}],"line":136},"10":{"loc":{"start":{"line":151,"column":6},"end":{"line":151,"column":54}},"type":"if","locations":[{"start":{"line":151,"column":6},"end":{"line":151,"column":54}},{"start":{},"end":{}}],"line":151},"11":{"loc":{"start":{"line":165,"column":6},"end":{"line":165,"column":47}},"type":"if","locations":[{"start":{"line":165,"column":6},"end":{"line":165,"column":47}},{"start":{},"end":{}}],"line":165},"12":{"loc":{"start":{"line":179,"column":6},"end":{"line":181,"column":7}},"type":"if","locations":[{"start":{"line":179,"column":6},"end":{"line":181,"column":7}},{"start":{},"end":{}}],"line":179},"13":{"loc":{"start":{"line":196,"column":6},"end":{"line":198,"column":7}},"type":"if","locations":[{"start":{"line":196,"column":6},"end":{"line":198,"column":7}},{"start":{},"end":{}}],"line":196},"14":{"loc":{"start":{"line":225,"column":6},"end":{"line":225,"column":54}},"type":"if","locations":[{"start":{"line":225,"column":6},"end":{"line":225,"column":54}},{"start":{},"end":{}}],"line":225},"15":{"loc":{"start":{"line":238,"column":6},"end":{"line":238,"column":45}},"type":"if","locations":[{"start":{"line":238,"column":6},"end":{"line":238,"column":45}},{"start":{},"end":{}}],"line":238},"16":{"loc":{"start":{"line":296,"column":6},"end":{"line":298,"column":7}},"type":"if","locations":[{"start":{"line":296,"column":6},"end":{"line":298,"column":7}},{"start":{},"end":{}}],"line":296}},"s":{"0":11,"1":11,"2":11,"3":11,"4":11,"5":11,"6":11,"7":11,"8":11,"9":2,"10":2,"11":2,"12":2,"13":1,"14":2,"15":0,"16":2,"17":0,"18":0,"19":0,"20":2,"21":2,"22":0,"23":0,"24":0,"25":0,"26":0,"27":0,"28":0,"29":0,"30":0,"31":0,"32":0,"33":0,"34":0,"35":0,"36":0,"37":0,"38":0,"39":0,"40":1,"41":1,"42":1,"43":0,"44":1,"45":0,"46":0,"47":2,"48":2,"49":0,"50":2,"51":2,"52":1,"53":1,"54":1,"55":2,"56":2,"57":2,"58":2,"59":0,"60":2,"61":2,"62":1,"63":1,"64":1,"65":1,"66":1,"67":1,"68":1,"69":0,"70":1,"71":1,"72":0,"73":0,"74":0,"75":0,"76":0,"77":0,"78":0,"79":0,"80":0,"81":0,"82":0,"83":0,"84":0,"85":0,"86":0,"87":0,"88":0,"89":0,"90":0,"91":0,"92":0,"93":0,"94":0,"95":0,"96":0,"97":0,"98":0,"99":0,"100":0,"101":0,"102":0,"103":0,"104":0,"105":0,"106":0,"107":1,"108":1,"109":1,"110":1,"111":0,"112":0,"113":0,"114":0,"115":0,"116":0,"117":0,"118":0,"119":0,"120":0,"121":0,"122":0,"123":0,"124":0,"125":0,"126":0,"127":0,"128":0,"129":0,"130":0,"131":0,"132":0,"133":0,"134":0,"135":0,"136":0,"137":0,"138":0,"139":0,"140":0,"141":0,"142":0,"143":0,"144":0,"145":0,"146":0,"147":0,"148":0,"149":0,"150":0,"151":0,"152":0,"153":0,"154":0},"f":{"0":2,"1":0,"2":0,"3":1,"4":2,"5":2,"6":1,"7":0,"8":0,"9":0,"10":1,"11":0,"12":0,"13":0,"14":0},"b":{"0":[1,1],"1":[0,2],"2":[0,2],"3":[0,0],"4":[0,0],"5":[0,0],"6":[0,1],"7":[0,2],"8":[0,2],"9":[0,1],"10":[0,0],"11":[0,0],"12":[0,0],"13":[0,0],"14":[0,0],"15":[0,0],"16":[0,0]},"_coverageSchema":"1a1c01bbd47fc00a2c39e90264f33305004495a9","hash":"16c27907c0d9131a1adc31db1c07b534d1a89312"}
,"C:\\Users\\Dhiren Kirpalani\\OneDrive\\Documents\\Individual-project\\IP\\Server\\controllers\\UserController.js": {"path":"C:\\Users\\Dhiren Kirpalani\\OneDrive\\Documents\\Individual-project\\IP\\Server\\controllers\\UserController.js","statementMap":{"0":{"start":{"line":1,"column":17},"end":{"line":1,"column":37}},"1":{"start":{"line":2,"column":28},"end":{"line":2,"column":56}},"2":{"start":{"line":3,"column":22},"end":{"line":3,"column":47}},"3":{"start":{"line":5,"column":0},"end":{"line":37,"column":1}},"4":{"start":{"line":7,"column":8},"end":{"line":14,"column":9}},"5":{"start":{"line":8,"column":52},"end":{"line":8,"column":60}},"6":{"start":{"line":9,"column":12},"end":{"line":9,"column":63}},"7":{"start":{"line":10,"column":12},"end":{"line":10,"column":55}},"8":{"start":{"line":12,"column":12},"end":{"line":12,"column":31}},"9":{"start":{"line":13,"column":12},"end":{"line":13,"column":24}},"10":{"start":{"line":18,"column":8},"end":{"line":35,"column":9}},"11":{"start":{"line":19,"column":40},"end":{"line":19,"column":48}},"12":{"start":{"line":20,"column":12},"end":{"line":22,"column":13}},"13":{"start":{"line":21,"column":16},"end":{"line":21,"column":50}},"14":{"start":{"line":23,"column":12},"end":{"line":25,"column":13}},"15":{"start":{"line":24,"column":16},"end":{"line":24,"column":53}},"16":{"start":{"line":26,"column":29},"end":{"line":26,"column":76}},"17":{"start":{"line":27,"column":12},"end":{"line":29,"column":13}},"18":{"start":{"line":28,"column":16},"end":{"line":28,"column":45}},"19":{"start":{"line":30,"column":26},"end":{"line":30,"column":56}},"20":{"start":{"line":31,"column":12},"end":{"line":31,"column":57}},"21":{"start":{"line":33,"column":12},"end":{"line":33,"column":31}},"22":{"start":{"line":34,"column":12},"end":{"line":34,"column":24}}},"fnMap":{"0":{"name":"(anonymous_0)","decl":{"start":{"line":6,"column":4},"end":{"line":6,"column":5}},"loc":{"start":{"line":6,"column":46},"end":{"line":15,"column":5}},"line":6},"1":{"name":"(anonymous_1)","decl":{"start":{"line":17,"column":4},"end":{"line":17,"column":5}},"loc":{"start":{"line":17,"column":43},"end":{"line":36,"column":5}},"line":17}},"branchMap":{"0":{"loc":{"start":{"line":20,"column":12},"end":{"line":22,"column":13}},"type":"if","locations":[{"start":{"line":20,"column":12},"end":{"line":22,"column":13}},{"start":{},"end":{}}],"line":20},"1":{"loc":{"start":{"line":23,"column":12},"end":{"line":25,"column":13}},"type":"if","locations":[{"start":{"line":23,"column":12},"end":{"line":25,"column":13}},{"start":{},"end":{}}],"line":23},"2":{"loc":{"start":{"line":27,"column":12},"end":{"line":29,"column":13}},"type":"if","locations":[{"start":{"line":27,"column":12},"end":{"line":29,"column":13}},{"start":{},"end":{}}],"line":27},"3":{"loc":{"start":{"line":27,"column":16},"end":{"line":27,"column":74}},"type":"binary-expr","locations":[{"start":{"line":27,"column":16},"end":{"line":27,"column":25}},{"start":{"line":27,"column":29},"end":{"line":27,"column":74}}],"line":27}},"s":{"0":11,"1":11,"2":11,"3":11,"4":5,"5":5,"6":5,"7":1,"8":4,"9":4,"10":5,"11":5,"12":5,"13":1,"14":4,"15":1,"16":3,"17":3,"18":2,"19":1,"20":1,"21":4,"22":4},"f":{"0":5,"1":5},"b":{"0":[1,4],"1":[1,3],"2":[2,1],"3":[3,2]},"_coverageSchema":"1a1c01bbd47fc00a2c39e90264f33305004495a9","hash":"e0a91db54bf8fee2eff428f81baeb857d5122f6b"}
,"C:\\Users\\Dhiren Kirpalani\\OneDrive\\Documents\\Individual-project\\IP\\Server\\helpers\\bcrypt.js": {"path":"C:\\Users\\Dhiren Kirpalani\\OneDrive\\Documents\\Individual-project\\IP\\Server\\helpers\\bcrypt.js","statementMap":{"0":{"start":{"line":1,"column":32},"end":{"line":1,"column":51}},"1":{"start":{"line":3,"column":0},"end":{"line":6,"column":1}},"2":{"start":{"line":4,"column":32},"end":{"line":4,"column":54}},"3":{"start":{"line":5,"column":48},"end":{"line":5,"column":82}}},"fnMap":{"0":{"name":"(anonymous_0)","decl":{"start":{"line":4,"column":18},"end":{"line":4,"column":19}},"loc":{"start":{"line":4,"column":32},"end":{"line":4,"column":54}},"line":4},"1":{"name":"(anonymous_1)","decl":{"start":{"line":5,"column":21},"end":{"line":5,"column":22}},"loc":{"start":{"line":5,"column":48},"end":{"line":5,"column":82}},"line":5}},"branchMap":{},"s":{"0":11,"1":11,"2":13,"3":2},"f":{"0":13,"1":2},"b":{},"_coverageSchema":"1a1c01bbd47fc00a2c39e90264f33305004495a9","hash":"89de83fd1aaf316f5a20026c7f5eb37969b89ede"}
,"C:\\Users\\Dhiren Kirpalani\\OneDrive\\Documents\\Individual-project\\IP\\Server\\helpers\\jwt.js": {"path":"C:\\Users\\Dhiren Kirpalani\\OneDrive\\Documents\\Individual-project\\IP\\Server\\helpers\\jwt.js","statementMap":{"0":{"start":{"line":1,"column":21},"end":{"line":1,"column":44}},"1":{"start":{"line":3,"column":15},"end":{"line":3,"column":37}},"2":{"start":{"line":6,"column":4},"end":{"line":6,"column":45}},"3":{"start":{"line":10,"column":4},"end":{"line":10,"column":45}},"4":{"start":{"line":13,"column":0},"end":{"line":16,"column":1}}},"fnMap":{"0":{"name":"signToken","decl":{"start":{"line":5,"column":9},"end":{"line":5,"column":18}},"loc":{"start":{"line":5,"column":28},"end":{"line":7,"column":1}},"line":5},"1":{"name":"verifyToken","decl":{"start":{"line":9,"column":9},"end":{"line":9,"column":20}},"loc":{"start":{"line":9,"column":28},"end":{"line":11,"column":1}},"line":9}},"branchMap":{},"s":{"0":11,"1":11,"2":20,"3":21,"4":11},"f":{"0":20,"1":21},"b":{},"_coverageSchema":"1a1c01bbd47fc00a2c39e90264f33305004495a9","hash":"0c1ac9ab54c52b66d01d58d9a3bd0659b77bf748"}
,"C:\\Users\\Dhiren Kirpalani\\OneDrive\\Documents\\Individual-project\\IP\\Server\\middlewares\\authentication.js": {"path":"C:\\Users\\Dhiren Kirpalani\\OneDrive\\Documents\\Individual-project\\IP\\Server\\middlewares\\authentication.js","statementMap":{"0":{"start":{"line":1,"column":17},"end":{"line":1,"column":37}},"1":{"start":{"line":2,"column":24},"end":{"line":2,"column":49}},"2":{"start":{"line":5,"column":4},"end":{"line":26,"column":5}},"3":{"start":{"line":6,"column":34},"end":{"line":6,"column":45}},"4":{"start":{"line":7,"column":8},"end":{"line":9,"column":9}},"5":{"start":{"line":8,"column":12},"end":{"line":8,"column":45}},"6":{"start":{"line":10,"column":30},"end":{"line":10,"column":54}},"7":{"start":{"line":11,"column":8},"end":{"line":13,"column":9}},"8":{"start":{"line":12,"column":12},"end":{"line":12,"column":45}},"9":{"start":{"line":14,"column":24},"end":{"line":14,"column":42}},"10":{"start":{"line":15,"column":21},"end":{"line":15,"column":52}},"11":{"start":{"line":16,"column":8},"end":{"line":18,"column":9}},"12":{"start":{"line":17,"column":12},"end":{"line":17,"column":45}},"13":{"start":{"line":19,"column":8},"end":{"line":19,"column":24}},"14":{"start":{"line":21,"column":8},"end":{"line":21,"column":15}},"15":{"start":{"line":24,"column":8},"end":{"line":24,"column":27}},"16":{"start":{"line":25,"column":8},"end":{"line":25,"column":20}},"17":{"start":{"line":29,"column":0},"end":{"line":29,"column":32}}},"fnMap":{"0":{"name":"authentication","decl":{"start":{"line":4,"column":15},"end":{"line":4,"column":29}},"loc":{"start":{"line":4,"column":46},"end":{"line":27,"column":1}},"line":4}},"branchMap":{"0":{"loc":{"start":{"line":7,"column":8},"end":{"line":9,"column":9}},"type":"if","locations":[{"start":{"line":7,"column":8},"end":{"line":9,"column":9}},{"start":{},"end":{}}],"line":7},"1":{"loc":{"start":{"line":11,"column":8},"end":{"line":13,"column":9}},"type":"if","locations":[{"start":{"line":11,"column":8},"end":{"line":13,"column":9}},{"start":{},"end":{}}],"line":11},"2":{"loc":{"start":{"line":16,"column":8},"end":{"line":18,"column":9}},"type":"if","locations":[{"start":{"line":16,"column":8},"end":{"line":18,"column":9}},{"start":{},"end":{}}],"line":16}},"s":{"0":11,"1":11,"2":31,"3":31,"4":31,"5":6,"6":25,"7":25,"8":4,"9":21,"10":14,"11":14,"12":0,"13":14,"14":14,"15":17,"16":17,"17":11},"f":{"0":31},"b":{"0":[6,25],"1":[4,21],"2":[0,14]},"_coverageSchema":"1a1c01bbd47fc00a2c39e90264f33305004495a9","hash":"711a0b5b72ee6ec88cc1255e3b84de387ac3cdc9"}
,"C:\\Users\\Dhiren Kirpalani\\OneDrive\\Documents\\Individual-project\\IP\\Server\\middlewares\\authorization.js": {"path":"C:\\Users\\Dhiren Kirpalani\\OneDrive\\Documents\\Individual-project\\IP\\Server\\middlewares\\authorization.js","statementMap":{"0":{"start":{"line":1,"column":19},"end":{"line":1,"column":39}},"1":{"start":{"line":4,"column":4},"end":{"line":19,"column":5}},"2":{"start":{"line":5,"column":27},"end":{"line":5,"column":37}},"3":{"start":{"line":6,"column":31},"end":{"line":6,"column":62}},"4":{"start":{"line":7,"column":12},"end":{"line":9,"column":13}},"5":{"start":{"line":8,"column":16},"end":{"line":8,"column":41}},"6":{"start":{"line":10,"column":12},"end":{"line":12,"column":13}},"7":{"start":{"line":11,"column":16},"end":{"line":11,"column":44}},"8":{"start":{"line":14,"column":4},"end":{"line":14,"column":11}},"9":{"start":{"line":17,"column":8},"end":{"line":17,"column":27}},"10":{"start":{"line":18,"column":8},"end":{"line":18,"column":20}},"11":{"start":{"line":22,"column":0},"end":{"line":22,"column":31}}},"fnMap":{"0":{"name":"authorization","decl":{"start":{"line":3,"column":15},"end":{"line":3,"column":28}},"loc":{"start":{"line":3,"column":45},"end":{"line":20,"column":1}},"line":3}},"branchMap":{"0":{"loc":{"start":{"line":7,"column":12},"end":{"line":9,"column":13}},"type":"if","locations":[{"start":{"line":7,"column":12},"end":{"line":9,"column":13}},{"start":{},"end":{}}],"line":7},"1":{"loc":{"start":{"line":10,"column":12},"end":{"line":12,"column":13}},"type":"if","locations":[{"start":{"line":10,"column":12},"end":{"line":12,"column":13}},{"start":{},"end":{}}],"line":10}},"s":{"0":11,"1":10,"2":10,"3":10,"4":10,"5":6,"6":4,"7":1,"8":3,"9":7,"10":7,"11":11},"f":{"0":10},"b":{"0":[6,4],"1":[1,3]},"_coverageSchema":"1a1c01bbd47fc00a2c39e90264f33305004495a9","hash":"0ae9499db1856130d81b71e6f70282665d67062d"}
,"C:\\Users\\Dhiren Kirpalani\\OneDrive\\Documents\\Individual-project\\IP\\Server\\middlewares\\errorHandler.js": {"path":"C:\\Users\\Dhiren Kirpalani\\OneDrive\\Documents\\Individual-project\\IP\\Server\\middlewares\\errorHandler.js","statementMap":{"0":{"start":{"line":1,"column":0},"end":{"line":50,"column":1}},"1":{"start":{"line":2,"column":4},"end":{"line":2,"column":53}},"2":{"start":{"line":3,"column":17},"end":{"line":3,"column":36}},"3":{"start":{"line":4,"column":18},"end":{"line":4,"column":58}},"4":{"start":{"line":6,"column":4},"end":{"line":47,"column":5}},"5":{"start":{"line":9,"column":12},"end":{"line":9,"column":24}},"6":{"start":{"line":10,"column":12},"end":{"line":10,"column":37}},"7":{"start":{"line":11,"column":12},"end":{"line":11,"column":18}},"8":{"start":{"line":13,"column":12},"end":{"line":13,"column":24}},"9":{"start":{"line":14,"column":12},"end":{"line":14,"column":49}},"10":{"start":{"line":15,"column":12},"end":{"line":15,"column":18}},"11":{"start":{"line":17,"column":12},"end":{"line":17,"column":24}},"12":{"start":{"line":18,"column":12},"end":{"line":18,"column":33}},"13":{"start":{"line":19,"column":12},"end":{"line":19,"column":18}},"14":{"start":{"line":21,"column":12},"end":{"line":21,"column":24}},"15":{"start":{"line":22,"column":12},"end":{"line":22,"column":38}},"16":{"start":{"line":23,"column":12},"end":{"line":23,"column":18}},"17":{"start":{"line":26,"column":13},"end":{"line":26,"column":25}},"18":{"start":{"line":27,"column":13},"end":{"line":27,"column":46}},"19":{"start":{"line":28,"column":13},"end":{"line":28,"column":19}},"20":{"start":{"line":30,"column":12},"end":{"line":30,"column":24}},"21":{"start":{"line":31,"column":12},"end":{"line":31,"column":41}},"22":{"start":{"line":32,"column":12},"end":{"line":32,"column":18}},"23":{"start":{"line":34,"column":12},"end":{"line":34,"column":24}},"24":{"start":{"line":35,"column":12},"end":{"line":35,"column":44}},"25":{"start":{"line":36,"column":12},"end":{"line":36,"column":18}},"26":{"start":{"line":38,"column":12},"end":{"line":38,"column":24}},"27":{"start":{"line":39,"column":12},"end":{"line":39,"column":46}},"28":{"start":{"line":40,"column":12},"end":{"line":40,"column":18}},"29":{"start":{"line":42,"column":12},"end":{"line":42,"column":24}},"30":{"start":{"line":43,"column":12},"end":{"line":43,"column":49}},"31":{"start":{"line":44,"column":12},"end":{"line":44,"column":18}},"32":{"start":{"line":46,"column":12},"end":{"line":46,"column":18}},"33":{"start":{"line":49,"column":4},"end":{"line":49,"column":55}}},"fnMap":{"0":{"name":"(anonymous_0)","decl":{"start":{"line":1,"column":17},"end":{"line":1,"column":18}},"loc":{"start":{"line":1,"column":44},"end":{"line":50,"column":1}},"line":1}},"branchMap":{"0":{"loc":{"start":{"line":3,"column":17},"end":{"line":3,"column":36}},"type":"binary-expr","locations":[{"start":{"line":3,"column":17},"end":{"line":3,"column":29}},{"start":{"line":3,"column":33},"end":{"line":3,"column":36}}],"line":3},"1":{"loc":{"start":{"line":4,"column":18},"end":{"line":4,"column":58}},"type":"binary-expr","locations":[{"start":{"line":4,"column":18},"end":{"line":4,"column":31}},{"start":{"line":4,"column":35},"end":{"line":4,"column":58}}],"line":4},"2":{"loc":{"start":{"line":6,"column":4},"end":{"line":47,"column":5}},"type":"switch","locations":[{"start":{"line":7,"column":8},"end":{"line":7,"column":33}},{"start":{"line":8,"column":8},"end":{"line":11,"column":18}},{"start":{"line":12,"column":8},"end":{"line":15,"column":18}},{"start":{"line":16,"column":8},"end":{"line":19,"column":18}},{"start":{"line":20,"column":8},"end":{"line":23,"column":18}},{"start":{"line":24,"column":8},"end":{"line":24,"column":40}},{"start":{"line":25,"column":8},"end":{"line":28,"column":19}},{"start":{"line":29,"column":8},"end":{"line":32,"column":18}},{"start":{"line":33,"column":8},"end":{"line":36,"column":18}},{"start":{"line":37,"column":8},"end":{"line":40,"column":18}},{"start":{"line":41,"column":8},"end":{"line":44,"column":18}},{"start":{"line":45,"column":8},"end":{"line":46,"column":18}}],"line":6}},"s":{"0":11,"1":34,"2":34,"3":34,"4":34,"5":17,"6":17,"7":17,"8":2,"9":2,"10":2,"11":1,"12":1,"13":1,"14":6,"15":6,"16":6,"17":6,"18":6,"19":6,"20":1,"21":1,"22":1,"23":1,"24":1,"25":1,"26":0,"27":0,"28":0,"29":0,"30":0,"31":0,"32":0,"33":34},"f":{"0":34},"b":{"0":[34,34],"1":[34,21],"2":[7,17,2,1,6,5,6,1,1,0,0,0]},"_coverageSchema":"1a1c01bbd47fc00a2c39e90264f33305004495a9","hash":"0d04200975aef238a7eb328270d711d9e5cb1d8e"}
,"C:\\Users\\Dhiren Kirpalani\\OneDrive\\Documents\\Individual-project\\IP\\Server\\models\\burger.js": {"path":"C:\\Users\\Dhiren Kirpalani\\OneDrive\\Documents\\Individual-project\\IP\\Server\\models\\burger.js","statementMap":{"0":{"start":{"line":4,"column":4},"end":{"line":4,"column":24}},"1":{"start":{"line":5,"column":0},"end":{"line":87,"column":2}},"2":{"start":{"line":14,"column":6},"end":{"line":14,"column":59}},"3":{"start":{"line":17,"column":2},"end":{"line":85,"column":5}},"4":{"start":{"line":86,"column":2},"end":{"line":86,"column":16}}},"fnMap":{"0":{"name":"(anonymous_0)","decl":{"start":{"line":5,"column":17},"end":{"line":5,"column":18}},"loc":{"start":{"line":5,"column":43},"end":{"line":87,"column":1}},"line":5},"1":{"name":"(anonymous_1)","decl":{"start":{"line":12,"column":4},"end":{"line":12,"column":5}},"loc":{"start":{"line":12,"column":29},"end":{"line":15,"column":5}},"line":12}},"branchMap":{},"s":{"0":11,"1":11,"2":11,"3":11,"4":11},"f":{"0":11,"1":11},"b":{},"_coverageSchema":"1a1c01bbd47fc00a2c39e90264f33305004495a9","hash":"cccc9e6fde292d9c77567020f0384466c0c29bbc"}
,"C:\\Users\\Dhiren Kirpalani\\OneDrive\\Documents\\Individual-project\\IP\\Server\\models\\cart.js": {"path":"C:\\Users\\Dhiren Kirpalani\\OneDrive\\Documents\\Individual-project\\IP\\Server\\models\\cart.js","statementMap":{"0":{"start":{"line":4,"column":4},"end":{"line":4,"column":24}},"1":{"start":{"line":5,"column":0},"end":{"line":69,"column":2}},"2":{"start":{"line":14,"column":6},"end":{"line":14,"column":57}},"3":{"start":{"line":15,"column":6},"end":{"line":15,"column":61}},"4":{"start":{"line":18,"column":2},"end":{"line":67,"column":5}},"5":{"start":{"line":68,"column":2},"end":{"line":68,"column":14}}},"fnMap":{"0":{"name":"(anonymous_0)","decl":{"start":{"line":5,"column":17},"end":{"line":5,"column":18}},"loc":{"start":{"line":5,"column":43},"end":{"line":69,"column":1}},"line":5},"1":{"name":"(anonymous_1)","decl":{"start":{"line":12,"column":4},"end":{"line":12,"column":5}},"loc":{"start":{"line":12,"column":29},"end":{"line":16,"column":5}},"line":12}},"branchMap":{},"s":{"0":11,"1":11,"2":11,"3":11,"4":11,"5":11},"f":{"0":11,"1":11},"b":{},"_coverageSchema":"1a1c01bbd47fc00a2c39e90264f33305004495a9","hash":"727f8a6ce2174dba14c8f040b8fe7f5181b69285"}
,"C:\\Users\\Dhiren Kirpalani\\OneDrive\\Documents\\Individual-project\\IP\\Server\\models\\index.js": {"path":"C:\\Users\\Dhiren Kirpalani\\OneDrive\\Documents\\Individual-project\\IP\\Server\\models\\index.js","statementMap":{"0":{"start":{"line":3,"column":11},"end":{"line":3,"column":24}},"1":{"start":{"line":4,"column":13},"end":{"line":4,"column":28}},"2":{"start":{"line":5,"column":18},"end":{"line":5,"column":38}},"3":{"start":{"line":6,"column":16},"end":{"line":6,"column":34}},"4":{"start":{"line":7,"column":17},"end":{"line":7,"column":42}},"5":{"start":{"line":8,"column":12},"end":{"line":8,"column":49}},"6":{"start":{"line":9,"column":15},"end":{"line":9,"column":65}},"7":{"start":{"line":10,"column":11},"end":{"line":10,"column":13}},"8":{"start":{"line":13,"column":0},"end":{"line":17,"column":1}},"9":{"start":{"line":14,"column":2},"end":{"line":14,"column":74}},"10":{"start":{"line":16,"column":2},"end":{"line":16,"column":87}},"11":{"start":{"line":19,"column":0},"end":{"line":32,"column":5}},"12":{"start":{"line":22,"column":4},"end":{"line":27,"column":6}},"13":{"start":{"line":30,"column":18},"end":{"line":30,"column":85}},"14":{"start":{"line":31,"column":4},"end":{"line":31,"column":27}},"15":{"start":{"line":34,"column":0},"end":{"line":38,"column":3}},"16":{"start":{"line":35,"column":2},"end":{"line":37,"column":3}},"17":{"start":{"line":36,"column":4},"end":{"line":36,"column":32}},"18":{"start":{"line":40,"column":0},"end":{"line":40,"column":25}},"19":{"start":{"line":41,"column":0},"end":{"line":41,"column":25}},"20":{"start":{"line":43,"column":0},"end":{"line":43,"column":20}}},"fnMap":{"0":{"name":"(anonymous_0)","decl":{"start":{"line":21,"column":10},"end":{"line":21,"column":11}},"loc":{"start":{"line":21,"column":18},"end":{"line":28,"column":3}},"line":21},"1":{"name":"(anonymous_1)","decl":{"start":{"line":29,"column":11},"end":{"line":29,"column":12}},"loc":{"start":{"line":29,"column":19},"end":{"line":32,"column":3}},"line":29},"2":{"name":"(anonymous_2)","decl":{"start":{"line":34,"column":24},"end":{"line":34,"column":25}},"loc":{"start":{"line":34,"column":37},"end":{"line":38,"column":1}},"line":34}},"branchMap":{"0":{"loc":{"start":{"line":8,"column":12},"end":{"line":8,"column":49}},"type":"binary-expr","locations":[{"start":{"line":8,"column":12},"end":{"line":8,"column":32}},{"start":{"line":8,"column":36},"end":{"line":8,"column":49}}],"line":8},"1":{"loc":{"start":{"line":13,"column":0},"end":{"line":17,"column":1}},"type":"if","locations":[{"start":{"line":13,"column":0},"end":{"line":17,"column":1}},{"start":{"line":15,"column":7},"end":{"line":17,"column":1}}],"line":13},"2":{"loc":{"start":{"line":23,"column":6},"end":{"line":26,"column":37}},"type":"binary-expr","locations":[{"start":{"line":23,"column":6},"end":{"line":23,"column":29}},{"start":{"line":24,"column":6},"end":{"line":24,"column":23}},{"start":{"line":25,"column":6},"end":{"line":25,"column":30}},{"start":{"line":26,"column":6},"end":{"line":26,"column":37}}],"line":23},"3":{"loc":{"start":{"line":35,"column":2},"end":{"line":37,"column":3}},"type":"if","locations":[{"start":{"line":35,"column":2},"end":{"line":37,"column":3}},{"start":{},"end":{}}],"line":35}},"s":{"0":11,"1":11,"2":11,"3":11,"4":11,"5":11,"6":11,"7":11,"8":11,"9":0,"10":11,"11":11,"12":44,"13":33,"14":33,"15":11,"16":33,"17":33,"18":11,"19":11,"20":11},"f":{"0":44,"1":33,"2":33},"b":{"0":[11,0],"1":[0,11],"2":[44,44,33,33],"3":[33,0]},"_coverageSchema":"1a1c01bbd47fc00a2c39e90264f33305004495a9","hash":"7ff54319ec6fb5e4ffe0395b91bf7c5a616f6101"}
,"C:\\Users\\Dhiren Kirpalani\\OneDrive\\Documents\\Individual-project\\IP\\Server\\models\\user.js": {"path":"C:\\Users\\Dhiren Kirpalani\\OneDrive\\Documents\\Individual-project\\IP\\Server\\models\\user.js","statementMap":{"0":{"start":{"line":2,"column":23},"end":{"line":2,"column":51}},"1":{"start":{"line":5,"column":4},"end":{"line":5,"column":24}},"2":{"start":{"line":6,"column":0},"end":{"line":85,"column":2}},"3":{"start":{"line":15,"column":6},"end":{"line":15,"column":55}},"4":{"start":{"line":18,"column":2},"end":{"line":83,"column":5}},"5":{"start":{"line":80,"column":8},"end":{"line":80,"column":53}},"6":{"start":{"line":84,"column":2},"end":{"line":84,"column":14}}},"fnMap":{"0":{"name":"(anonymous_0)","decl":{"start":{"line":6,"column":17},"end":{"line":6,"column":18}},"loc":{"start":{"line":6,"column":43},"end":{"line":85,"column":1}},"line":6},"1":{"name":"(anonymous_1)","decl":{"start":{"line":13,"column":4},"end":{"line":13,"column":5}},"loc":{"start":{"line":13,"column":29},"end":{"line":16,"column":5}},"line":13},"2":{"name":"(anonymous_2)","decl":{"start":{"line":79,"column":6},"end":{"line":79,"column":7}},"loc":{"start":{"line":79,"column":35},"end":{"line":81,"column":7}},"line":79}},"branchMap":{},"s":{"0":11,"1":11,"2":11,"3":11,"4":11,"5":2,"6":11},"f":{"0":11,"1":11,"2":2},"b":{},"_coverageSchema":"1a1c01bbd47fc00a2c39e90264f33305004495a9","hash":"8721d95564700664b7f5d391714fd5e52ed2c99d"}
}
