{"F:\\000 Hacktive8\\Phase2\\Week3\\IP-RMT46\\server\\app.js": {"path":"F:\\000 Hacktive8\\Phase2\\Week3\\IP-RMT46\\server\\app.js","statementMap":{"0":{"start":{"line":1,"column":16},"end":{"line":1,"column":34}},"1":{"start":{"line":2,"column":15},"end":{"line":2,"column":34}},"2":{"start":{"line":3,"column":13},"end":{"line":3,"column":28}},"3":{"start":{"line":4,"column":12},"end":{"line":4,"column":21}},"4":{"start":{"line":5,"column":13},"end":{"line":5,"column":17}},"5":{"start":{"line":7,"column":0},"end":{"line":7,"column":15}},"6":{"start":{"line":8,"column":0},"end":{"line":8,"column":45}},"7":{"start":{"line":9,"column":0},"end":{"line":9,"column":23}},"8":{"start":{"line":10,"column":0},"end":{"line":10,"column":15}},"9":{"start":{"line":16,"column":0},"end":{"line":16,"column":20}}},"fnMap":{},"branchMap":{},"s":{"0":3,"1":3,"2":3,"3":3,"4":3,"5":3,"6":3,"7":3,"8":3,"9":3},"f":{},"b":{},"_coverageSchema":"1a1c01bbd47fc00a2c39e90264f33305004495a9","hash":"63f2d7075de449bca4b9e8bf890da5b84f6679b7"}
,"F:\\000 Hacktive8\\Phase2\\Week3\\IP-RMT46\\server\\controllers\\authController.js": {"path":"F:\\000 Hacktive8\\Phase2\\Week3\\IP-RMT46\\server\\controllers\\authController.js","statementMap":{"0":{"start":{"line":1,"column":24},"end":{"line":1,"column":43}},"1":{"start":{"line":2,"column":37},"end":{"line":2,"column":65}},"2":{"start":{"line":3,"column":22},"end":{"line":3,"column":47}},"3":{"start":{"line":4,"column":17},"end":{"line":4,"column":37}},"4":{"start":{"line":5,"column":25},"end":{"line":5,"column":55}},"5":{"start":{"line":6,"column":15},"end":{"line":6,"column":33}},"6":{"start":{"line":8,"column":0},"end":{"line":84,"column":1}},"7":{"start":{"line":10,"column":8},"end":{"line":22,"column":9}},"8":{"start":{"line":11,"column":50},"end":{"line":11,"column":58}},"9":{"start":{"line":13,"column":12},"end":{"line":13,"column":60}},"10":{"start":{"line":15,"column":12},"end":{"line":18,"column":14}},"11":{"start":{"line":21,"column":12},"end":{"line":21,"column":23}},"12":{"start":{"line":26,"column":8},"end":{"line":51,"column":9}},"13":{"start":{"line":28,"column":40},"end":{"line":28,"column":48}},"14":{"start":{"line":30,"column":12},"end":{"line":30,"column":75}},"15":{"start":{"line":30,"column":24},"end":{"line":30,"column":75}},"16":{"start":{"line":31,"column":12},"end":{"line":31,"column":81}},"17":{"start":{"line":31,"column":27},"end":{"line":31,"column":81}},"18":{"start":{"line":33,"column":23},"end":{"line":37,"column":14}},"19":{"start":{"line":39,"column":12},"end":{"line":41,"column":13}},"20":{"start":{"line":40,"column":16},"end":{"line":40,"column":75}},"21":{"start":{"line":43,"column":24},"end":{"line":45,"column":14}},"22":{"start":{"line":47,"column":12},"end":{"line":47,"column":57}},"23":{"start":{"line":50,"column":12},"end":{"line":50,"column":23}},"24":{"start":{"line":57,"column":32},"end":{"line":57,"column":40}},"25":{"start":{"line":58,"column":8},"end":{"line":82,"column":9}},"26":{"start":{"line":59,"column":27},"end":{"line":62,"column":14}},"27":{"start":{"line":63,"column":42},"end":{"line":63,"column":61}},"28":{"start":{"line":64,"column":29},"end":{"line":64,"column":53}},"29":{"start":{"line":65,"column":36},"end":{"line":73,"column":14}},"30":{"start":{"line":77,"column":33},"end":{"line":77,"column":59}},"31":{"start":{"line":79,"column":12},"end":{"line":79,"column":89}},"32":{"start":{"line":81,"column":12},"end":{"line":81,"column":21}}},"fnMap":{"0":{"name":"(anonymous_0)","decl":{"start":{"line":9,"column":4},"end":{"line":9,"column":5}},"loc":{"start":{"line":9,"column":42},"end":{"line":23,"column":5}},"line":9},"1":{"name":"(anonymous_1)","decl":{"start":{"line":25,"column":4},"end":{"line":25,"column":5}},"loc":{"start":{"line":25,"column":39},"end":{"line":52,"column":5}},"line":25},"2":{"name":"(anonymous_2)","decl":{"start":{"line":54,"column":4},"end":{"line":54,"column":5}},"loc":{"start":{"line":54,"column":45},"end":{"line":83,"column":5}},"line":54}},"branchMap":{"0":{"loc":{"start":{"line":30,"column":12},"end":{"line":30,"column":75}},"type":"if","locations":[{"start":{"line":30,"column":12},"end":{"line":30,"column":75}},{"start":{},"end":{}}],"line":30},"1":{"loc":{"start":{"line":31,"column":12},"end":{"line":31,"column":81}},"type":"if","locations":[{"start":{"line":31,"column":12},"end":{"line":31,"column":81}},{"start":{},"end":{}}],"line":31},"2":{"loc":{"start":{"line":39,"column":12},"end":{"line":41,"column":13}},"type":"if","locations":[{"start":{"line":39,"column":12},"end":{"line":41,"column":13}},{"start":{},"end":{}}],"line":39},"3":{"loc":{"start":{"line":39,"column":16},"end":{"line":39,"column":62}},"type":"binary-expr","locations":[{"start":{"line":39,"column":16},"end":{"line":39,"column":21}},{"start":{"line":39,"column":25},"end":{"line":39,"column":62}}],"line":39}},"s":{"0":3,"1":3,"2":3,"3":3,"4":3,"5":3,"6":3,"7":2,"8":2,"9":2,"10":1,"11":1,"12":4,"13":4,"14":4,"15":1,"16":3,"17":1,"18":2,"19":2,"20":1,"21":1,"22":1,"23":3,"24":0,"25":0,"26":0,"27":0,"28":0,"29":0,"30":0,"31":0,"32":0},"f":{"0":2,"1":4,"2":0},"b":{"0":[1,3],"1":[1,2],"2":[1,1],"3":[2,1]},"_coverageSchema":"1a1c01bbd47fc00a2c39e90264f33305004495a9","hash":"f261a810e40d60f6884ec5a8820bb99efac7dd11"}
,"F:\\000 Hacktive8\\Phase2\\Week3\\IP-RMT46\\server\\controllers\\categoryController.js": {"path":"F:\\000 Hacktive8\\Phase2\\Week3\\IP-RMT46\\server\\controllers\\categoryController.js","statementMap":{"0":{"start":{"line":1,"column":30},"end":{"line":1,"column":50}},"1":{"start":{"line":3,"column":0},"end":{"line":71,"column":1}},"2":{"start":{"line":5,"column":8},"end":{"line":13,"column":9}},"3":{"start":{"line":6,"column":27},"end":{"line":8,"column":14}},"4":{"start":{"line":10,"column":12},"end":{"line":10,"column":42}},"5":{"start":{"line":12,"column":12},"end":{"line":12,"column":23}},"6":{"start":{"line":17,"column":8},"end":{"line":25,"column":9}},"7":{"start":{"line":18,"column":29},"end":{"line":18,"column":37}},"8":{"start":{"line":20,"column":30},"end":{"line":20,"column":59}},"9":{"start":{"line":22,"column":12},"end":{"line":22,"column":45}},"10":{"start":{"line":24,"column":12},"end":{"line":24,"column":23}},"11":{"start":{"line":29,"column":8},"end":{"line":39,"column":9}},"12":{"start":{"line":30,"column":23},"end":{"line":30,"column":36}},"13":{"start":{"line":32,"column":27},"end":{"line":34,"column":14}},"14":{"start":{"line":36,"column":12},"end":{"line":36,"column":42}},"15":{"start":{"line":38,"column":12},"end":{"line":38,"column":23}},"16":{"start":{"line":43,"column":8},"end":{"line":55,"column":9}},"17":{"start":{"line":44,"column":23},"end":{"line":44,"column":36}},"18":{"start":{"line":46,"column":27},"end":{"line":46,"column":54}},"19":{"start":{"line":48,"column":29},"end":{"line":48,"column":37}},"20":{"start":{"line":50,"column":31},"end":{"line":50,"column":60}},"21":{"start":{"line":52,"column":12},"end":{"line":52,"column":46}},"22":{"start":{"line":54,"column":12},"end":{"line":54,"column":23}},"23":{"start":{"line":59,"column":8},"end":{"line":69,"column":9}},"24":{"start":{"line":60,"column":23},"end":{"line":60,"column":36}},"25":{"start":{"line":62,"column":27},"end":{"line":62,"column":54}},"26":{"start":{"line":64,"column":12},"end":{"line":64,"column":36}},"27":{"start":{"line":66,"column":12},"end":{"line":66,"column":84}},"28":{"start":{"line":68,"column":12},"end":{"line":68,"column":23}}},"fnMap":{"0":{"name":"(anonymous_0)","decl":{"start":{"line":4,"column":4},"end":{"line":4,"column":5}},"loc":{"start":{"line":4,"column":45},"end":{"line":14,"column":5}},"line":4},"1":{"name":"(anonymous_1)","decl":{"start":{"line":16,"column":4},"end":{"line":16,"column":5}},"loc":{"start":{"line":16,"column":47},"end":{"line":26,"column":5}},"line":16},"2":{"name":"(anonymous_2)","decl":{"start":{"line":28,"column":4},"end":{"line":28,"column":5}},"loc":{"start":{"line":28,"column":49},"end":{"line":40,"column":5}},"line":28},"3":{"name":"(anonymous_3)","decl":{"start":{"line":42,"column":4},"end":{"line":42,"column":5}},"loc":{"start":{"line":42,"column":52},"end":{"line":56,"column":5}},"line":42},"4":{"name":"(anonymous_4)","decl":{"start":{"line":58,"column":4},"end":{"line":58,"column":5}},"loc":{"start":{"line":58,"column":51},"end":{"line":70,"column":5}},"line":58}},"branchMap":{},"s":{"0":3,"1":3,"2":1,"3":1,"4":1,"5":0,"6":1,"7":1,"8":1,"9":1,"10":0,"11":1,"12":1,"13":1,"14":1,"15":0,"16":1,"17":1,"18":1,"19":1,"20":1,"21":1,"22":0,"23":1,"24":1,"25":1,"26":1,"27":1,"28":0},"f":{"0":1,"1":1,"2":1,"3":1,"4":1},"b":{},"_coverageSchema":"1a1c01bbd47fc00a2c39e90264f33305004495a9","hash":"d812a46ddded1f8d5bdd7524ad852e61ed2adc0d"}
,"F:\\000 Hacktive8\\Phase2\\Week3\\IP-RMT46\\server\\controllers\\contentController.js": {"path":"F:\\000 Hacktive8\\Phase2\\Week3\\IP-RMT46\\server\\controllers\\contentController.js","statementMap":{"0":{"start":{"line":1,"column":36},"end":{"line":1,"column":56}},"1":{"start":{"line":3,"column":0},"end":{"line":91,"column":1}},"2":{"start":{"line":5,"column":8},"end":{"line":25,"column":9}},"3":{"start":{"line":6,"column":26},"end":{"line":19,"column":18}},"4":{"start":{"line":21,"column":12},"end":{"line":21,"column":41}},"5":{"start":{"line":23,"column":12},"end":{"line":23,"column":30}},"6":{"start":{"line":24,"column":12},"end":{"line":24,"column":23}},"7":{"start":{"line":29,"column":8},"end":{"line":43,"column":9}},"8":{"start":{"line":30,"column":23},"end":{"line":30,"column":36}},"9":{"start":{"line":32,"column":28},"end":{"line":38,"column":14}},"10":{"start":{"line":40,"column":12},"end":{"line":40,"column":41}},"11":{"start":{"line":42,"column":12},"end":{"line":42,"column":23}},"12":{"start":{"line":47,"column":8},"end":{"line":58,"column":9}},"13":{"start":{"line":48,"column":55},"end":{"line":48,"column":63}},"14":{"start":{"line":52,"column":29},"end":{"line":52,"column":106}},"15":{"start":{"line":55,"column":12},"end":{"line":55,"column":44}},"16":{"start":{"line":57,"column":12},"end":{"line":57,"column":23}},"17":{"start":{"line":62,"column":8},"end":{"line":75,"column":9}},"18":{"start":{"line":63,"column":23},"end":{"line":63,"column":36}},"19":{"start":{"line":65,"column":26},"end":{"line":65,"column":52}},"20":{"start":{"line":67,"column":55},"end":{"line":67,"column":63}},"21":{"start":{"line":69,"column":12},"end":{"line":69,"column":89}},"22":{"start":{"line":71,"column":12},"end":{"line":71,"column":41}},"23":{"start":{"line":74,"column":12},"end":{"line":74,"column":23}},"24":{"start":{"line":79,"column":8},"end":{"line":89,"column":9}},"25":{"start":{"line":80,"column":23},"end":{"line":80,"column":36}},"26":{"start":{"line":82,"column":26},"end":{"line":82,"column":52}},"27":{"start":{"line":84,"column":12},"end":{"line":84,"column":35}},"28":{"start":{"line":86,"column":12},"end":{"line":86,"column":81}},"29":{"start":{"line":88,"column":12},"end":{"line":88,"column":23}}},"fnMap":{"0":{"name":"(anonymous_0)","decl":{"start":{"line":4,"column":4},"end":{"line":4,"column":5}},"loc":{"start":{"line":4,"column":44},"end":{"line":26,"column":5}},"line":4},"1":{"name":"(anonymous_1)","decl":{"start":{"line":28,"column":4},"end":{"line":28,"column":5}},"loc":{"start":{"line":28,"column":48},"end":{"line":44,"column":5}},"line":28},"2":{"name":"(anonymous_2)","decl":{"start":{"line":46,"column":4},"end":{"line":46,"column":5}},"loc":{"start":{"line":46,"column":47},"end":{"line":59,"column":5}},"line":46},"3":{"name":"(anonymous_3)","decl":{"start":{"line":61,"column":4},"end":{"line":61,"column":5}},"loc":{"start":{"line":61,"column":51},"end":{"line":76,"column":5}},"line":61},"4":{"name":"(anonymous_4)","decl":{"start":{"line":78,"column":4},"end":{"line":78,"column":5}},"loc":{"start":{"line":78,"column":51},"end":{"line":90,"column":5}},"line":78}},"branchMap":{},"s":{"0":3,"1":3,"2":1,"3":1,"4":1,"5":0,"6":0,"7":0,"8":0,"9":0,"10":0,"11":0,"12":1,"13":1,"14":1,"15":1,"16":0,"17":1,"18":1,"19":1,"20":1,"21":1,"22":1,"23":0,"24":1,"25":1,"26":1,"27":1,"28":1,"29":0},"f":{"0":1,"1":0,"2":1,"3":1,"4":1},"b":{},"_coverageSchema":"1a1c01bbd47fc00a2c39e90264f33305004495a9","hash":"fbac43c332a8a3151577be81215f1431d1e88aac"}
,"F:\\000 Hacktive8\\Phase2\\Week3\\IP-RMT46\\server\\controllers\\pubController.js": {"path":"F:\\000 Hacktive8\\Phase2\\Week3\\IP-RMT46\\server\\controllers\\pubController.js","statementMap":{"0":{"start":{"line":1,"column":14},"end":{"line":1,"column":30}},"1":{"start":{"line":3,"column":0},"end":{"line":37,"column":1}},"2":{"start":{"line":5,"column":8},"end":{"line":14,"column":9}},"3":{"start":{"line":6,"column":29},"end":{"line":6,"column":125}},"4":{"start":{"line":10,"column":12},"end":{"line":10,"column":47}},"5":{"start":{"line":13,"column":12},"end":{"line":13,"column":23}},"6":{"start":{"line":18,"column":8},"end":{"line":35,"column":9}},"7":{"start":{"line":19,"column":23},"end":{"line":19,"column":36}},"8":{"start":{"line":20,"column":31},"end":{"line":20,"column":40}},"9":{"start":{"line":22,"column":12},"end":{"line":26,"column":13}},"10":{"start":{"line":23,"column":16},"end":{"line":23,"column":31}},"11":{"start":{"line":28,"column":29},"end":{"line":28,"column":121}},"12":{"start":{"line":32,"column":12},"end":{"line":32,"column":47}},"13":{"start":{"line":34,"column":12},"end":{"line":34,"column":23}}},"fnMap":{"0":{"name":"(anonymous_0)","decl":{"start":{"line":4,"column":4},"end":{"line":4,"column":5}},"loc":{"start":{"line":4,"column":41},"end":{"line":15,"column":5}},"line":4},"1":{"name":"(anonymous_1)","decl":{"start":{"line":17,"column":4},"end":{"line":17,"column":5}},"loc":{"start":{"line":17,"column":45},"end":{"line":36,"column":5}},"line":17}},"branchMap":{"0":{"loc":{"start":{"line":22,"column":12},"end":{"line":26,"column":13}},"type":"if","locations":[{"start":{"line":22,"column":12},"end":{"line":26,"column":13}},{"start":{},"end":{}}],"line":22}},"s":{"0":3,"1":3,"2":0,"3":0,"4":0,"5":0,"6":0,"7":0,"8":0,"9":0,"10":0,"11":0,"12":0,"13":0},"f":{"0":0,"1":0},"b":{"0":[0,0]},"_coverageSchema":"1a1c01bbd47fc00a2c39e90264f33305004495a9","hash":"9a84383632d07eb283019f6e6ffe8299335911c8"}
,"F:\\000 Hacktive8\\Phase2\\Week3\\IP-RMT46\\server\\helpers\\bcrypt.js": {"path":"F:\\000 Hacktive8\\Phase2\\Week3\\IP-RMT46\\server\\helpers\\bcrypt.js","statementMap":{"0":{"start":{"line":1,"column":15},"end":{"line":1,"column":34}},"1":{"start":{"line":3,"column":0},"end":{"line":6,"column":1}},"2":{"start":{"line":4,"column":30},"end":{"line":4,"column":59}},"3":{"start":{"line":5,"column":32},"end":{"line":5,"column":77}}},"fnMap":{"0":{"name":"(anonymous_0)","decl":{"start":{"line":4,"column":16},"end":{"line":4,"column":17}},"loc":{"start":{"line":4,"column":30},"end":{"line":4,"column":59}},"line":4},"1":{"name":"(anonymous_1)","decl":{"start":{"line":5,"column":18},"end":{"line":5,"column":19}},"loc":{"start":{"line":5,"column":32},"end":{"line":5,"column":77}},"line":5}},"branchMap":{},"s":{"0":3,"1":3,"2":5,"3":0},"f":{"0":5,"1":0},"b":{},"_coverageSchema":"1a1c01bbd47fc00a2c39e90264f33305004495a9","hash":"eef18d47647eb468e1db11318ce47ef04920ec8e"}
,"F:\\000 Hacktive8\\Phase2\\Week3\\IP-RMT46\\server\\helpers\\jwt.js": {"path":"F:\\000 Hacktive8\\Phase2\\Week3\\IP-RMT46\\server\\helpers\\jwt.js","statementMap":{"0":{"start":{"line":1,"column":12},"end":{"line":1,"column":35}},"1":{"start":{"line":2,"column":15},"end":{"line":2,"column":23}},"2":{"start":{"line":5,"column":4},"end":{"line":5,"column":36}},"3":{"start":{"line":9,"column":4},"end":{"line":9,"column":38}},"4":{"start":{"line":12,"column":0},"end":{"line":14,"column":1}}},"fnMap":{"0":{"name":"signToken","decl":{"start":{"line":4,"column":9},"end":{"line":4,"column":18}},"loc":{"start":{"line":4,"column":27},"end":{"line":6,"column":1}},"line":4},"1":{"name":"verifyToken","decl":{"start":{"line":8,"column":9},"end":{"line":8,"column":20}},"loc":{"start":{"line":8,"column":29},"end":{"line":10,"column":1}},"line":8}},"branchMap":{},"s":{"0":3,"1":3,"2":3,"3":13,"4":3},"f":{"0":3,"1":13},"b":{},"_coverageSchema":"1a1c01bbd47fc00a2c39e90264f33305004495a9","hash":"0967c57030ecd60261c28adadce0b612388405c1"}
,"F:\\000 Hacktive8\\Phase2\\Week3\\IP-RMT46\\server\\middlewares\\authenticate.js": {"path":"F:\\000 Hacktive8\\Phase2\\Week3\\IP-RMT46\\server\\middlewares\\authenticate.js","statementMap":{"0":{"start":{"line":1,"column":24},"end":{"line":1,"column":49}},"1":{"start":{"line":2,"column":17},"end":{"line":2,"column":37}},"2":{"start":{"line":4,"column":0},"end":{"line":30,"column":1}},"3":{"start":{"line":6,"column":8},"end":{"line":28,"column":9}},"4":{"start":{"line":7,"column":31},"end":{"line":7,"column":56}},"5":{"start":{"line":8,"column":12},"end":{"line":8,"column":64}},"6":{"start":{"line":8,"column":31},"end":{"line":8,"column":64}},"7":{"start":{"line":10,"column":32},"end":{"line":10,"column":55}},"8":{"start":{"line":11,"column":12},"end":{"line":11,"column":67}},"9":{"start":{"line":11,"column":34},"end":{"line":11,"column":67}},"10":{"start":{"line":13,"column":26},"end":{"line":13,"column":44}},"11":{"start":{"line":15,"column":23},"end":{"line":15,"column":54}},"12":{"start":{"line":17,"column":12},"end":{"line":17,"column":55}},"13":{"start":{"line":17,"column":22},"end":{"line":17,"column":55}},"14":{"start":{"line":19,"column":12},"end":{"line":22,"column":13}},"15":{"start":{"line":24,"column":12},"end":{"line":24,"column":18}},"16":{"start":{"line":27,"column":12},"end":{"line":27,"column":23}}},"fnMap":{"0":{"name":"(anonymous_0)","decl":{"start":{"line":5,"column":4},"end":{"line":5,"column":5}},"loc":{"start":{"line":5,"column":41},"end":{"line":29,"column":5}},"line":5}},"branchMap":{"0":{"loc":{"start":{"line":8,"column":12},"end":{"line":8,"column":64}},"type":"if","locations":[{"start":{"line":8,"column":12},"end":{"line":8,"column":64}},{"start":{},"end":{}}],"line":8},"1":{"loc":{"start":{"line":11,"column":12},"end":{"line":11,"column":67}},"type":"if","locations":[{"start":{"line":11,"column":12},"end":{"line":11,"column":67}},{"start":{},"end":{}}],"line":11},"2":{"loc":{"start":{"line":17,"column":12},"end":{"line":17,"column":55}},"type":"if","locations":[{"start":{"line":17,"column":12},"end":{"line":17,"column":55}},{"start":{},"end":{}}],"line":17}},"s":{"0":3,"1":3,"2":3,"3":10,"4":10,"5":10,"6":0,"7":10,"8":10,"9":0,"10":10,"11":10,"12":10,"13":0,"14":10,"15":10,"16":0},"f":{"0":10},"b":{"0":[0,10],"1":[0,10],"2":[0,10]},"_coverageSchema":"1a1c01bbd47fc00a2c39e90264f33305004495a9","hash":"f64f27d0682f71ec550fa48f31df31e938e0b7ee"}
,"F:\\000 Hacktive8\\Phase2\\Week3\\IP-RMT46\\server\\middlewares\\authorize.js": {"path":"F:\\000 Hacktive8\\Phase2\\Week3\\IP-RMT46\\server\\middlewares\\authorize.js","statementMap":{"0":{"start":{"line":1,"column":20},"end":{"line":1,"column":40}},"1":{"start":{"line":3,"column":0},"end":{"line":19,"column":1}},"2":{"start":{"line":5,"column":8},"end":{"line":17,"column":9}},"3":{"start":{"line":6,"column":23},"end":{"line":6,"column":36}},"4":{"start":{"line":8,"column":28},"end":{"line":8,"column":54}},"5":{"start":{"line":10,"column":12},"end":{"line":10,"column":52}},"6":{"start":{"line":10,"column":25},"end":{"line":10,"column":52}},"7":{"start":{"line":12,"column":12},"end":{"line":12,"column":106}},"8":{"start":{"line":12,"column":76},"end":{"line":12,"column":106}},"9":{"start":{"line":14,"column":12},"end":{"line":14,"column":18}},"10":{"start":{"line":16,"column":12},"end":{"line":16,"column":23}}},"fnMap":{"0":{"name":"(anonymous_0)","decl":{"start":{"line":4,"column":4},"end":{"line":4,"column":5}},"loc":{"start":{"line":4,"column":39},"end":{"line":18,"column":5}},"line":4}},"branchMap":{"0":{"loc":{"start":{"line":10,"column":12},"end":{"line":10,"column":52}},"type":"if","locations":[{"start":{"line":10,"column":12},"end":{"line":10,"column":52}},{"start":{},"end":{}}],"line":10},"1":{"loc":{"start":{"line":12,"column":12},"end":{"line":12,"column":106}},"type":"if","locations":[{"start":{"line":12,"column":12},"end":{"line":12,"column":106}},{"start":{},"end":{}}],"line":12},"2":{"loc":{"start":{"line":12,"column":15},"end":{"line":12,"column":74}},"type":"binary-expr","locations":[{"start":{"line":12,"column":15},"end":{"line":12,"column":45}},{"start":{"line":12,"column":49},"end":{"line":12,"column":74}}],"line":12}},"s":{"0":3,"1":3,"2":3,"3":3,"4":3,"5":3,"6":1,"7":2,"8":0,"9":2,"10":1},"f":{"0":3},"b":{"0":[1,2],"1":[0,2],"2":[2,0]},"_coverageSchema":"1a1c01bbd47fc00a2c39e90264f33305004495a9","hash":"0d59c7e41b2641e1ef736c5fcee56d9981df7993"}
,"F:\\000 Hacktive8\\Phase2\\Week3\\IP-RMT46\\server\\middlewares\\errorHandler.js": {"path":"F:\\000 Hacktive8\\Phase2\\Week3\\IP-RMT46\\server\\middlewares\\errorHandler.js","statementMap":{"0":{"start":{"line":1,"column":0},"end":{"line":27,"column":1}},"1":{"start":{"line":2,"column":17},"end":{"line":2,"column":36}},"2":{"start":{"line":3,"column":18},"end":{"line":3,"column":58}},"3":{"start":{"line":5,"column":4},"end":{"line":24,"column":5}},"4":{"start":{"line":8,"column":12},"end":{"line":8,"column":24}},"5":{"start":{"line":9,"column":12},"end":{"line":9,"column":45}},"6":{"start":{"line":10,"column":12},"end":{"line":10,"column":17}},"7":{"start":{"line":13,"column":12},"end":{"line":13,"column":24}},"8":{"start":{"line":14,"column":12},"end":{"line":14,"column":37}},"9":{"start":{"line":15,"column":12},"end":{"line":15,"column":17}},"10":{"start":{"line":17,"column":12},"end":{"line":17,"column":24}},"11":{"start":{"line":18,"column":12},"end":{"line":18,"column":39}},"12":{"start":{"line":19,"column":12},"end":{"line":19,"column":17}},"13":{"start":{"line":21,"column":12},"end":{"line":21,"column":24}},"14":{"start":{"line":22,"column":12},"end":{"line":22,"column":38}},"15":{"start":{"line":23,"column":12},"end":{"line":23,"column":17}},"16":{"start":{"line":26,"column":4},"end":{"line":26,"column":40}}},"fnMap":{"0":{"name":"(anonymous_0)","decl":{"start":{"line":1,"column":17},"end":{"line":1,"column":18}},"loc":{"start":{"line":1,"column":44},"end":{"line":27,"column":1}},"line":1}},"branchMap":{"0":{"loc":{"start":{"line":2,"column":17},"end":{"line":2,"column":36}},"type":"binary-expr","locations":[{"start":{"line":2,"column":17},"end":{"line":2,"column":29}},{"start":{"line":2,"column":33},"end":{"line":2,"column":36}}],"line":2},"1":{"loc":{"start":{"line":3,"column":18},"end":{"line":3,"column":58}},"type":"binary-expr","locations":[{"start":{"line":3,"column":18},"end":{"line":3,"column":31}},{"start":{"line":3,"column":35},"end":{"line":3,"column":58}}],"line":3},"2":{"loc":{"start":{"line":5,"column":4},"end":{"line":24,"column":5}},"type":"switch","locations":[{"start":{"line":6,"column":8},"end":{"line":6,"column":40}},{"start":{"line":7,"column":8},"end":{"line":10,"column":17}},{"start":{"line":11,"column":8},"end":{"line":11,"column":33}},{"start":{"line":12,"column":8},"end":{"line":15,"column":17}},{"start":{"line":16,"column":8},"end":{"line":19,"column":17}},{"start":{"line":20,"column":8},"end":{"line":23,"column":17}}],"line":5}},"s":{"0":3,"1":5,"2":5,"3":5,"4":1,"5":1,"6":1,"7":0,"8":0,"9":0,"10":0,"11":0,"12":0,"13":1,"14":1,"15":1,"16":5},"f":{"0":5},"b":{"0":[5,2],"1":[5,1],"2":[1,1,0,0,0,1]},"_coverageSchema":"1a1c01bbd47fc00a2c39e90264f33305004495a9","hash":"ce542c7779292d266faa1b5461ca9e313deebce2"}
,"F:\\000 Hacktive8\\Phase2\\Week3\\IP-RMT46\\server\\middlewares\\isAdmin.js": {"path":"F:\\000 Hacktive8\\Phase2\\Week3\\IP-RMT46\\server\\middlewares\\isAdmin.js","statementMap":{"0":{"start":{"line":1,"column":24},"end":{"line":1,"column":49}},"1":{"start":{"line":2,"column":17},"end":{"line":2,"column":37}},"2":{"start":{"line":4,"column":0},"end":{"line":34,"column":1}},"3":{"start":{"line":6,"column":8},"end":{"line":32,"column":9}},"4":{"start":{"line":7,"column":30},"end":{"line":7,"column":55}},"5":{"start":{"line":9,"column":12},"end":{"line":9,"column":63}},"6":{"start":{"line":9,"column":30},"end":{"line":9,"column":63}},"7":{"start":{"line":11,"column":32},"end":{"line":11,"column":54}},"8":{"start":{"line":12,"column":12},"end":{"line":12,"column":68}},"9":{"start":{"line":12,"column":35},"end":{"line":12,"column":68}},"10":{"start":{"line":14,"column":26},"end":{"line":14,"column":44}},"11":{"start":{"line":16,"column":23},"end":{"line":16,"column":54}},"12":{"start":{"line":18,"column":12},"end":{"line":18,"column":56}},"13":{"start":{"line":18,"column":23},"end":{"line":18,"column":56}},"14":{"start":{"line":20,"column":12},"end":{"line":22,"column":13}},"15":{"start":{"line":25,"column":12},"end":{"line":27,"column":13}},"16":{"start":{"line":26,"column":16},"end":{"line":26,"column":46}},"17":{"start":{"line":29,"column":12},"end":{"line":29,"column":18}},"18":{"start":{"line":31,"column":12},"end":{"line":31,"column":23}}},"fnMap":{"0":{"name":"(anonymous_0)","decl":{"start":{"line":5,"column":4},"end":{"line":5,"column":5}},"loc":{"start":{"line":5,"column":34},"end":{"line":33,"column":5}},"line":5}},"branchMap":{"0":{"loc":{"start":{"line":9,"column":12},"end":{"line":9,"column":63}},"type":"if","locations":[{"start":{"line":9,"column":12},"end":{"line":9,"column":63}},{"start":{},"end":{}}],"line":9},"1":{"loc":{"start":{"line":12,"column":12},"end":{"line":12,"column":68}},"type":"if","locations":[{"start":{"line":12,"column":12},"end":{"line":12,"column":68}},{"start":{},"end":{}}],"line":12},"2":{"loc":{"start":{"line":18,"column":12},"end":{"line":18,"column":56}},"type":"if","locations":[{"start":{"line":18,"column":12},"end":{"line":18,"column":56}},{"start":{},"end":{}}],"line":18},"3":{"loc":{"start":{"line":25,"column":12},"end":{"line":27,"column":13}},"type":"if","locations":[{"start":{"line":25,"column":12},"end":{"line":27,"column":13}},{"start":{},"end":{}}],"line":25}},"s":{"0":3,"1":3,"2":3,"3":3,"4":3,"5":3,"6":0,"7":3,"8":3,"9":0,"10":3,"11":3,"12":3,"13":0,"14":3,"15":3,"16":0,"17":3,"18":0},"f":{"0":3},"b":{"0":[0,3],"1":[0,3],"2":[0,3],"3":[0,3]},"_coverageSchema":"1a1c01bbd47fc00a2c39e90264f33305004495a9","hash":"bbffebc529f0bb6eb2fa7c12ff9b87bc8d33462a"}
,"F:\\000 Hacktive8\\Phase2\\Week3\\IP-RMT46\\server\\models\\category.js": {"path":"F:\\000 Hacktive8\\Phase2\\Week3\\IP-RMT46\\server\\models\\category.js","statementMap":{"0":{"start":{"line":4,"column":4},"end":{"line":4,"column":24}},"1":{"start":{"line":5,"column":0},"end":{"line":32,"column":2}},"2":{"start":{"line":14,"column":6},"end":{"line":14,"column":38}},"3":{"start":{"line":17,"column":2},"end":{"line":30,"column":5}},"4":{"start":{"line":31,"column":2},"end":{"line":31,"column":18}}},"fnMap":{"0":{"name":"(anonymous_0)","decl":{"start":{"line":5,"column":17},"end":{"line":5,"column":18}},"loc":{"start":{"line":5,"column":43},"end":{"line":32,"column":1}},"line":5},"1":{"name":"(anonymous_1)","decl":{"start":{"line":12,"column":4},"end":{"line":12,"column":5}},"loc":{"start":{"line":12,"column":29},"end":{"line":15,"column":5}},"line":12}},"branchMap":{},"s":{"0":3,"1":3,"2":3,"3":3,"4":3},"f":{"0":3,"1":3},"b":{},"_coverageSchema":"1a1c01bbd47fc00a2c39e90264f33305004495a9","hash":"e95b01164e86b5d1e8dd585e44eca2b5f8628438"}
,"F:\\000 Hacktive8\\Phase2\\Week3\\IP-RMT46\\server\\models\\content.js": {"path":"F:\\000 Hacktive8\\Phase2\\Week3\\IP-RMT46\\server\\models\\content.js","statementMap":{"0":{"start":{"line":4,"column":4},"end":{"line":4,"column":24}},"1":{"start":{"line":5,"column":0},"end":{"line":42,"column":2}},"2":{"start":{"line":14,"column":6},"end":{"line":14,"column":62}},"3":{"start":{"line":15,"column":6},"end":{"line":15,"column":70}},"4":{"start":{"line":18,"column":2},"end":{"line":40,"column":5}},"5":{"start":{"line":41,"column":2},"end":{"line":41,"column":17}}},"fnMap":{"0":{"name":"(anonymous_0)","decl":{"start":{"line":5,"column":17},"end":{"line":5,"column":18}},"loc":{"start":{"line":5,"column":43},"end":{"line":42,"column":1}},"line":5},"1":{"name":"(anonymous_1)","decl":{"start":{"line":12,"column":4},"end":{"line":12,"column":5}},"loc":{"start":{"line":12,"column":29},"end":{"line":16,"column":5}},"line":12}},"branchMap":{},"s":{"0":3,"1":3,"2":3,"3":3,"4":3,"5":3},"f":{"0":3,"1":3},"b":{},"_coverageSchema":"1a1c01bbd47fc00a2c39e90264f33305004495a9","hash":"c3fdf3eeff227e8be22c26871674cd6cfc02b8a6"}
,"F:\\000 Hacktive8\\Phase2\\Week3\\IP-RMT46\\server\\models\\index.js": {"path":"F:\\000 Hacktive8\\Phase2\\Week3\\IP-RMT46\\server\\models\\index.js","statementMap":{"0":{"start":{"line":3,"column":11},"end":{"line":3,"column":24}},"1":{"start":{"line":4,"column":13},"end":{"line":4,"column":28}},"2":{"start":{"line":5,"column":18},"end":{"line":5,"column":38}},"3":{"start":{"line":6,"column":16},"end":{"line":6,"column":34}},"4":{"start":{"line":7,"column":17},"end":{"line":7,"column":42}},"5":{"start":{"line":8,"column":12},"end":{"line":8,"column":49}},"6":{"start":{"line":9,"column":15},"end":{"line":9,"column":65}},"7":{"start":{"line":10,"column":11},"end":{"line":10,"column":13}},"8":{"start":{"line":13,"column":0},"end":{"line":17,"column":1}},"9":{"start":{"line":14,"column":2},"end":{"line":14,"column":74}},"10":{"start":{"line":16,"column":2},"end":{"line":16,"column":87}},"11":{"start":{"line":19,"column":0},"end":{"line":32,"column":5}},"12":{"start":{"line":22,"column":4},"end":{"line":27,"column":6}},"13":{"start":{"line":30,"column":18},"end":{"line":30,"column":85}},"14":{"start":{"line":31,"column":4},"end":{"line":31,"column":27}},"15":{"start":{"line":34,"column":0},"end":{"line":38,"column":3}},"16":{"start":{"line":35,"column":2},"end":{"line":37,"column":3}},"17":{"start":{"line":36,"column":4},"end":{"line":36,"column":32}},"18":{"start":{"line":40,"column":0},"end":{"line":40,"column":25}},"19":{"start":{"line":41,"column":0},"end":{"line":41,"column":25}},"20":{"start":{"line":43,"column":0},"end":{"line":43,"column":20}}},"fnMap":{"0":{"name":"(anonymous_0)","decl":{"start":{"line":21,"column":10},"end":{"line":21,"column":11}},"loc":{"start":{"line":21,"column":18},"end":{"line":28,"column":3}},"line":21},"1":{"name":"(anonymous_1)","decl":{"start":{"line":29,"column":11},"end":{"line":29,"column":12}},"loc":{"start":{"line":29,"column":19},"end":{"line":32,"column":3}},"line":29},"2":{"name":"(anonymous_2)","decl":{"start":{"line":34,"column":24},"end":{"line":34,"column":25}},"loc":{"start":{"line":34,"column":37},"end":{"line":38,"column":1}},"line":34}},"branchMap":{"0":{"loc":{"start":{"line":8,"column":12},"end":{"line":8,"column":49}},"type":"binary-expr","locations":[{"start":{"line":8,"column":12},"end":{"line":8,"column":32}},{"start":{"line":8,"column":36},"end":{"line":8,"column":49}}],"line":8},"1":{"loc":{"start":{"line":13,"column":0},"end":{"line":17,"column":1}},"type":"if","locations":[{"start":{"line":13,"column":0},"end":{"line":17,"column":1}},{"start":{"line":15,"column":7},"end":{"line":17,"column":1}}],"line":13},"2":{"loc":{"start":{"line":23,"column":6},"end":{"line":26,"column":37}},"type":"binary-expr","locations":[{"start":{"line":23,"column":6},"end":{"line":23,"column":29}},{"start":{"line":24,"column":6},"end":{"line":24,"column":23}},{"start":{"line":25,"column":6},"end":{"line":25,"column":30}},{"start":{"line":26,"column":6},"end":{"line":26,"column":37}}],"line":23},"3":{"loc":{"start":{"line":35,"column":2},"end":{"line":37,"column":3}},"type":"if","locations":[{"start":{"line":35,"column":2},"end":{"line":37,"column":3}},{"start":{},"end":{}}],"line":35}},"s":{"0":3,"1":3,"2":3,"3":3,"4":3,"5":3,"6":3,"7":3,"8":3,"9":0,"10":3,"11":3,"12":12,"13":9,"14":9,"15":3,"16":9,"17":9,"18":3,"19":3,"20":3},"f":{"0":12,"1":9,"2":9},"b":{"0":[3,0],"1":[0,3],"2":[12,12,9,9],"3":[9,0]},"_coverageSchema":"1a1c01bbd47fc00a2c39e90264f33305004495a9","hash":"f9c6a732c4d9d746ec0e6c7ebb64afaf111baed4"}
,"F:\\000 Hacktive8\\Phase2\\Week3\\IP-RMT46\\server\\models\\user.js": {"path":"F:\\000 Hacktive8\\Phase2\\Week3\\IP-RMT46\\server\\models\\user.js","statementMap":{"0":{"start":{"line":4,"column":4},"end":{"line":4,"column":24}},"1":{"start":{"line":5,"column":23},"end":{"line":5,"column":51}},"2":{"start":{"line":6,"column":0},"end":{"line":60,"column":2}},"3":{"start":{"line":15,"column":6},"end":{"line":15,"column":34}},"4":{"start":{"line":18,"column":2},"end":{"line":58,"column":5}},"5":{"start":{"line":55,"column":8},"end":{"line":55,"column":49}},"6":{"start":{"line":59,"column":2},"end":{"line":59,"column":14}}},"fnMap":{"0":{"name":"(anonymous_0)","decl":{"start":{"line":6,"column":17},"end":{"line":6,"column":18}},"loc":{"start":{"line":6,"column":43},"end":{"line":60,"column":1}},"line":6},"1":{"name":"(anonymous_1)","decl":{"start":{"line":13,"column":4},"end":{"line":13,"column":5}},"loc":{"start":{"line":13,"column":29},"end":{"line":16,"column":5}},"line":13},"2":{"name":"(anonymous_2)","decl":{"start":{"line":54,"column":20},"end":{"line":54,"column":21}},"loc":{"start":{"line":54,"column":39},"end":{"line":56,"column":7}},"line":54}},"branchMap":{},"s":{"0":3,"1":3,"2":3,"3":3,"4":3,"5":1,"6":3},"f":{"0":3,"1":3,"2":1},"b":{},"_coverageSchema":"1a1c01bbd47fc00a2c39e90264f33305004495a9","hash":"0c0d88124f6e5883edfda28145e4da667e4b8851"}
,"F:\\000 Hacktive8\\Phase2\\Week3\\IP-RMT46\\server\\routes\\auth.js": {"path":"F:\\000 Hacktive8\\Phase2\\Week3\\IP-RMT46\\server\\routes\\auth.js","statementMap":{"0":{"start":{"line":1,"column":16},"end":{"line":1,"column":34}},"1":{"start":{"line":2,"column":41},"end":{"line":2,"column":81}},"2":{"start":{"line":3,"column":15},"end":{"line":3,"column":31}},"3":{"start":{"line":5,"column":0},"end":{"line":5,"column":34}},"4":{"start":{"line":6,"column":0},"end":{"line":6,"column":28}},"5":{"start":{"line":7,"column":0},"end":{"line":7,"column":41}},"6":{"start":{"line":9,"column":0},"end":{"line":9,"column":23}}},"fnMap":{},"branchMap":{},"s":{"0":3,"1":3,"2":3,"3":3,"4":3,"5":3,"6":3},"f":{},"b":{},"_coverageSchema":"1a1c01bbd47fc00a2c39e90264f33305004495a9","hash":"032dc8bf23e39f4120c16806ae910ba3de061a32"}
,"F:\\000 Hacktive8\\Phase2\\Week3\\IP-RMT46\\server\\routes\\category.js": {"path":"F:\\000 Hacktive8\\Phase2\\Week3\\IP-RMT46\\server\\routes\\category.js","statementMap":{"0":{"start":{"line":1,"column":16},"end":{"line":1,"column":34}},"1":{"start":{"line":2,"column":97},"end":{"line":2,"column":141}},"2":{"start":{"line":3,"column":20},"end":{"line":3,"column":53}},"3":{"start":{"line":4,"column":15},"end":{"line":4,"column":31}},"4":{"start":{"line":6,"column":0},"end":{"line":6,"column":28}},"5":{"start":{"line":7,"column":0},"end":{"line":7,"column":35}},"6":{"start":{"line":9,"column":0},"end":{"line":9,"column":19}},"7":{"start":{"line":11,"column":0},"end":{"line":11,"column":32}},"8":{"start":{"line":12,"column":0},"end":{"line":12,"column":38}},"9":{"start":{"line":13,"column":0},"end":{"line":13,"column":41}},"10":{"start":{"line":15,"column":0},"end":{"line":15,"column":23}}},"fnMap":{},"branchMap":{},"s":{"0":3,"1":3,"2":3,"3":3,"4":3,"5":3,"6":3,"7":3,"8":3,"9":3,"10":3},"f":{},"b":{},"_coverageSchema":"1a1c01bbd47fc00a2c39e90264f33305004495a9","hash":"b0e8a2dd2e57616d1131fc5b277c8744346fa847"}
,"F:\\000 Hacktive8\\Phase2\\Week3\\IP-RMT46\\server\\routes\\content.js": {"path":"F:\\000 Hacktive8\\Phase2\\Week3\\IP-RMT46\\server\\routes\\content.js","statementMap":{"0":{"start":{"line":1,"column":16},"end":{"line":1,"column":34}},"1":{"start":{"line":2,"column":92},"end":{"line":2,"column":135}},"2":{"start":{"line":3,"column":26},"end":{"line":3,"column":61}},"3":{"start":{"line":4,"column":15},"end":{"line":4,"column":31}},"4":{"start":{"line":6,"column":0},"end":{"line":6,"column":27}},"5":{"start":{"line":7,"column":0},"end":{"line":7,"column":31}},"6":{"start":{"line":8,"column":0},"end":{"line":8,"column":49}},"7":{"start":{"line":9,"column":0},"end":{"line":9,"column":52}},"8":{"start":{"line":10,"column":0},"end":{"line":10,"column":55}},"9":{"start":{"line":12,"column":0},"end":{"line":12,"column":23}}},"fnMap":{},"branchMap":{},"s":{"0":3,"1":3,"2":3,"3":3,"4":3,"5":3,"6":3,"7":3,"8":3,"9":3},"f":{},"b":{},"_coverageSchema":"1a1c01bbd47fc00a2c39e90264f33305004495a9","hash":"71d02dfc5ca06e6f966dc8aed81dcb9c83f684a8"}
,"F:\\000 Hacktive8\\Phase2\\Week3\\IP-RMT46\\server\\routes\\index.js": {"path":"F:\\000 Hacktive8\\Phase2\\Week3\\IP-RMT46\\server\\routes\\index.js","statementMap":{"0":{"start":{"line":1,"column":16},"end":{"line":1,"column":34}},"1":{"start":{"line":2,"column":21},"end":{"line":2,"column":59}},"2":{"start":{"line":3,"column":27},"end":{"line":3,"column":65}},"3":{"start":{"line":4,"column":15},"end":{"line":4,"column":31}},"4":{"start":{"line":6,"column":0},"end":{"line":8,"column":2}},"5":{"start":{"line":7,"column":4},"end":{"line":7,"column":55}},"6":{"start":{"line":10,"column":0},"end":{"line":10,"column":38}},"7":{"start":{"line":11,"column":0},"end":{"line":11,"column":36}},"8":{"start":{"line":13,"column":0},"end":{"line":13,"column":26}},"9":{"start":{"line":15,"column":0},"end":{"line":15,"column":45}},"10":{"start":{"line":16,"column":0},"end":{"line":16,"column":48}},"11":{"start":{"line":18,"column":0},"end":{"line":18,"column":24}},"12":{"start":{"line":20,"column":0},"end":{"line":20,"column":23}}},"fnMap":{"0":{"name":"(anonymous_0)","decl":{"start":{"line":6,"column":16},"end":{"line":6,"column":17}},"loc":{"start":{"line":6,"column":30},"end":{"line":8,"column":1}},"line":6}},"branchMap":{},"s":{"0":3,"1":3,"2":3,"3":3,"4":3,"5":0,"6":3,"7":3,"8":3,"9":3,"10":3,"11":3,"12":3},"f":{"0":0},"b":{},"_coverageSchema":"1a1c01bbd47fc00a2c39e90264f33305004495a9","hash":"aea987fe0855dff8e75551d9302f18e9eed8a721"}
,"F:\\000 Hacktive8\\Phase2\\Week3\\IP-RMT46\\server\\routes\\pub.js": {"path":"F:\\000 Hacktive8\\Phase2\\Week3\\IP-RMT46\\server\\routes\\pub.js","statementMap":{"0":{"start":{"line":1,"column":16},"end":{"line":1,"column":34}},"1":{"start":{"line":2,"column":33},"end":{"line":2,"column":72}},"2":{"start":{"line":3,"column":15},"end":{"line":3,"column":31}},"3":{"start":{"line":5,"column":0},"end":{"line":5,"column":24}},"4":{"start":{"line":6,"column":0},"end":{"line":6,"column":31}},"5":{"start":{"line":8,"column":0},"end":{"line":8,"column":23}}},"fnMap":{},"branchMap":{},"s":{"0":3,"1":3,"2":3,"3":3,"4":3,"5":3},"f":{},"b":{},"_coverageSchema":"1a1c01bbd47fc00a2c39e90264f33305004495a9","hash":"9bbf92dfd15c8fcc34cd80ed1e28e2bc8dfe0077"}
}
