TN:
SF:app.js
FN:23,(anonymous_0)
FNF:1
FNH:0
FNDA:0,(anonymous_0)
DA:1,8
DA:2,8
DA:5,8
DA:6,8
DA:7,8
DA:9,8
DA:10,8
DA:11,8
DA:12,8
DA:13,8
DA:15,8
DA:16,8
DA:17,8
DA:19,8
DA:20,8
DA:21,8
DA:23,8
DA:24,0
DA:27,8
DA:28,8
DA:30,8
DA:32,8
DA:36,8
DA:37,8
DA:38,8
DA:39,8
DA:40,8
DA:41,8
DA:42,8
DA:43,8
DA:44,8
DA:45,8
DA:46,8
DA:47,8
DA:49,8
DA:51,8
LF:36
LH:35
BRDA:1,0,0,8
BRDA:1,0,1,0
BRF:2
BRH:1
end_of_record
TN:
SF:controllers\BurgerController.js
FN:11,(anonymous_0)
FN:62,(anonymous_1)
FN:96,(anonymous_2)
FN:123,(anonymous_3)
FN:138,(anonymous_4)
FN:153,(anonymous_5)
FN:170,(anonymous_6)
FN:186,(anonymous_7)
FN:213,(anonymous_8)
FN:230,(anonymous_9)
FN:247,(anonymous_10)
FN:260,(anonymous_11)
FN:286,(anonymous_12)
FN:318,(anonymous_13)
FN:329,(anonymous_14)
FNF:15
FNH:1
FNDA:0,(anonymous_0)
FNDA:0,(anonymous_1)
FNDA:0,(anonymous_2)
FNDA:0,(anonymous_3)
FNDA:2,(anonymous_4)
FNDA:0,(anonymous_5)
FNDA:0,(anonymous_6)
FNDA:0,(anonymous_7)
FNDA:0,(anonymous_8)
FNDA:0,(anonymous_9)
FNDA:0,(anonymous_10)
FNDA:0,(anonymous_11)
FNDA:0,(anonymous_12)
FNDA:0,(anonymous_13)
FNDA:0,(anonymous_14)
DA:1,8
DA:2,8
DA:3,8
DA:4,8
DA:5,8
DA:6,8
DA:7,8
DA:8,8
DA:10,8
DA:12,0
DA:13,0
DA:14,0
DA:15,0
DA:16,0
DA:22,0
DA:23,0
DA:29,0
DA:30,0
DA:31,0
DA:32,0
DA:34,0
DA:35,0
DA:37,0
DA:38,0
DA:64,0
DA:65,0
DA:66,0
DA:67,0
DA:68,0
DA:70,0
DA:72,0
DA:73,0
DA:98,0
DA:100,0
DA:113,0
DA:114,0
DA:115,0
DA:116,0
DA:118,0
DA:119,0
DA:125,0
DA:126,0
DA:127,0
DA:128,0
DA:130,0
DA:133,0
DA:134,0
DA:139,2
DA:140,2
DA:141,0
DA:143,2
DA:144,2
DA:145,1
DA:148,1
DA:149,1
DA:154,0
DA:155,0
DA:156,0
DA:157,0
DA:158,0
DA:160,0
DA:161,0
DA:162,0
DA:165,0
DA:166,0
DA:171,0
DA:172,0
DA:173,0
DA:174,0
DA:175,0
DA:177,0
DA:178,0
DA:181,0
DA:182,0
DA:187,0
DA:189,0
DA:191,0
DA:192,0
DA:197,0
DA:198,0
DA:200,0
DA:201,0
DA:203,0
DA:205,0
DA:207,0
DA:209,0
DA:214,0
DA:215,0
DA:216,0
DA:217,0
DA:218,0
DA:220,0
DA:221,0
DA:222,0
DA:225,0
DA:226,0
DA:231,0
DA:232,0
DA:233,0
DA:234,0
DA:235,0
DA:238,0
DA:239,0
DA:242,0
DA:243,0
DA:249,0
DA:250,0
DA:251,0
DA:252,0
DA:255,0
DA:256,0
DA:261,0
DA:263,0
DA:265,0
DA:266,0
DA:271,0
DA:272,0
DA:274,0
DA:276,0
DA:278,0
DA:280,0
DA:282,0
DA:288,0
DA:290,0
DA:292,0
DA:293,0
DA:299,0
DA:300,0
DA:308,0
DA:309,0
DA:310,0
DA:313,0
DA:314,0
DA:319,0
DA:320,0
DA:321,0
DA:324,0
DA:325,0
DA:330,0
DA:331,0
DA:332,0
DA:333,0
DA:334,0
DA:335,0
DA:337,0
DA:343,0
DA:357,0
DA:358,0
DA:359,0
DA:363,0
DA:364,0
LF:151
LH:16
BRDA:15,0,0,0
BRDA:15,0,1,0
BRDA:22,1,0,0
BRDA:22,1,1,0
BRDA:29,2,0,0
BRDA:29,2,1,0
BRDA:30,3,0,0
BRDA:30,3,1,0
BRDA:31,4,0,0
BRDA:31,4,1,0
BRDA:67,5,0,0
BRDA:67,5,1,0
BRDA:127,6,0,0
BRDA:127,6,1,0
BRDA:140,7,0,0
BRDA:140,7,1,2
BRDA:157,8,0,0
BRDA:157,8,1,0
BRDA:174,9,0,0
BRDA:174,9,1,0
BRDA:189,10,0,0
BRDA:189,10,1,0
BRDA:203,11,0,0
BRDA:203,11,1,0
BRDA:217,12,0,0
BRDA:217,12,1,0
BRDA:234,13,0,0
BRDA:234,13,1,0
BRDA:263,14,0,0
BRDA:263,14,1,0
BRDA:276,15,0,0
BRDA:276,15,1,0
BRDA:334,16,0,0
BRDA:334,16,1,0
BRF:34
BRH:1
end_of_record
TN:
SF:controllers\UserController.js
FN:6,(anonymous_0)
FN:17,(anonymous_1)
FNF:2
FNH:0
FNDA:0,(anonymous_0)
FNDA:0,(anonymous_1)
DA:1,8
DA:2,8
DA:3,8
DA:5,8
DA:7,0
DA:8,0
DA:9,0
DA:10,0
DA:12,0
DA:13,0
DA:18,0
DA:19,0
DA:20,0
DA:21,0
DA:23,0
DA:24,0
DA:26,0
DA:27,0
DA:28,0
DA:30,0
DA:31,0
DA:33,0
DA:34,0
LF:23
LH:4
BRDA:20,0,0,0
BRDA:20,0,1,0
BRDA:23,1,0,0
BRDA:23,1,1,0
BRDA:27,2,0,0
BRDA:27,2,1,0
BRDA:27,3,0,0
BRDA:27,3,1,0
BRF:8
BRH:0
end_of_record
TN:
SF:helpers\bcrypt.js
FN:4,(anonymous_0)
FN:5,(anonymous_1)
FNF:2
FNH:1
FNDA:6,(anonymous_0)
FNDA:0,(anonymous_1)
DA:1,8
DA:3,8
DA:4,6
DA:5,0
LF:4
LH:3
BRF:0
BRH:0
end_of_record
TN:
SF:helpers\jwt.js
FN:5,signToken
FN:9,verifyToken
FNF:2
FNH:2
FNDA:12,signToken
FNDA:3,verifyToken
DA:1,8
DA:3,8
DA:6,12
DA:10,3
DA:13,8
LF:5
LH:5
BRF:0
BRH:0
end_of_record
TN:
SF:middlewares\authentication.js
FN:4,authentication
FNF:1
FNH:1
FNDA:5,authentication
DA:1,8
DA:2,8
DA:5,5
DA:6,5
DA:7,5
DA:8,1
DA:10,4
DA:11,4
DA:12,1
DA:14,3
DA:15,2
DA:16,2
DA:17,0
DA:19,2
DA:21,2
DA:24,3
DA:25,3
DA:29,8
LF:18
LH:17
BRDA:7,0,0,1
BRDA:7,0,1,4
BRDA:11,1,0,1
BRDA:11,1,1,3
BRDA:16,2,0,0
BRDA:16,2,1,2
BRF:6
BRH:5
end_of_record
TN:
SF:middlewares\authorization.js
FN:3,authorization
FNF:1
FNH:0
FNDA:0,authorization
DA:1,8
DA:4,0
DA:5,0
DA:6,0
DA:7,0
DA:8,0
DA:10,0
DA:11,0
DA:14,0
DA:17,0
DA:18,0
DA:22,8
LF:12
LH:2
BRDA:7,0,0,0
BRDA:7,0,1,0
BRDA:10,1,0,0
BRDA:10,1,1,0
BRF:4
BRH:0
end_of_record
TN:
SF:middlewares\errorHandler.js
FN:1,(anonymous_0)
FNF:1
FNH:1
FNDA:4,(anonymous_0)
DA:1,8
DA:2,4
DA:3,4
DA:4,4
DA:6,4
DA:9,3
DA:10,3
DA:11,3
DA:13,0
DA:14,0
DA:15,0
DA:17,0
DA:18,0
DA:19,0
DA:21,0
DA:22,0
DA:23,0
DA:26,1
DA:27,1
DA:28,1
DA:30,0
DA:31,0
DA:32,0
DA:34,0
DA:35,0
DA:36,0
DA:38,0
DA:39,0
DA:40,0
DA:42,0
DA:43,0
DA:44,0
DA:46,0
DA:49,4
LF:34
LH:12
BRDA:3,0,0,4
BRDA:3,0,1,4
BRDA:4,1,0,4
BRDA:4,1,1,2
BRDA:6,2,0,1
BRDA:6,2,1,3
BRDA:6,2,2,0
BRDA:6,2,3,0
BRDA:6,2,4,0
BRDA:6,2,5,1
BRDA:6,2,6,1
BRDA:6,2,7,0
BRDA:6,2,8,0
BRDA:6,2,9,0
BRDA:6,2,10,0
BRDA:6,2,11,0
BRF:16
BRH:8
end_of_record
TN:
SF:models\burger.js
FN:5,(anonymous_0)
FN:12,(anonymous_1)
FNF:2
FNH:2
FNDA:8,(anonymous_0)
FNDA:8,(anonymous_1)
DA:4,8
DA:5,8
DA:14,8
DA:17,8
DA:86,8
LF:5
LH:5
BRF:0
BRH:0
end_of_record
TN:
SF:models\cart.js
FN:5,(anonymous_0)
FN:12,(anonymous_1)
FNF:2
FNH:2
FNDA:8,(anonymous_0)
FNDA:8,(anonymous_1)
DA:4,8
DA:5,8
DA:14,8
DA:15,8
DA:18,8
DA:68,8
LF:6
LH:6
BRF:0
BRH:0
end_of_record
TN:
SF:models\index.js
FN:21,(anonymous_0)
FN:29,(anonymous_1)
FN:34,(anonymous_2)
FNF:3
FNH:3
FNDA:32,(anonymous_0)
FNDA:24,(anonymous_1)
FNDA:24,(anonymous_2)
DA:3,8
DA:4,8
DA:5,8
DA:6,8
DA:7,8
DA:8,8
DA:9,8
DA:10,8
DA:13,8
DA:14,0
DA:16,8
DA:19,8
DA:22,32
DA:30,24
DA:31,24
DA:34,8
DA:35,24
DA:36,24
DA:40,8
DA:41,8
DA:43,8
LF:21
LH:20
BRDA:8,0,0,8
BRDA:8,0,1,0
BRDA:13,1,0,0
BRDA:13,1,1,8
BRDA:23,2,0,32
BRDA:23,2,1,32
BRDA:23,2,2,24
BRDA:23,2,3,24
BRDA:35,3,0,24
BRDA:35,3,1,0
BRF:10
BRH:7
end_of_record
TN:
SF:models\user.js
FN:6,(anonymous_0)
FN:13,(anonymous_1)
FN:79,(anonymous_2)
FNF:3
FNH:2
FNDA:8,(anonymous_0)
FNDA:8,(anonymous_1)
FNDA:0,(anonymous_2)
DA:2,8
DA:5,8
DA:6,8
DA:15,8
DA:18,8
DA:80,0
DA:84,8
LF:7
LH:6
BRF:0
BRH:0
end_of_record
