TN:
SF:app.js
FN:23,(anonymous_0)
FNF:1
FNH:0
FNDA:0,(anonymous_0)
DA:1,11
DA:2,11
DA:5,11
DA:6,11
DA:7,11
DA:9,11
DA:10,11
DA:11,11
DA:12,11
DA:13,11
DA:15,11
DA:16,11
DA:17,11
DA:19,11
DA:20,11
DA:21,11
DA:23,11
DA:24,0
DA:27,11
DA:28,11
DA:30,11
DA:32,11
DA:36,11
DA:37,11
DA:38,11
DA:39,11
DA:40,11
DA:41,11
DA:42,11
DA:43,11
DA:44,11
DA:45,11
DA:46,11
DA:47,11
DA:49,11
DA:51,11
LF:36
LH:35
BRDA:1,0,0,11
BRDA:1,0,1,0
BRF:2
BRH:1
end_of_record
TN:
SF:controllers\BurgerController.js
FN:11,(anonymous_0)
FN:43,(anonymous_1)
FN:58,(anonymous_2)
FN:85,(anonymous_3)
FN:100,(anonymous_4)
FN:115,(anonymous_5)
FN:132,(anonymous_6)
FN:148,(anonymous_7)
FN:175,(anonymous_8)
FN:192,(anonymous_9)
FN:209,(anonymous_10)
FN:222,(anonymous_11)
FN:248,(anonymous_12)
FN:280,(anonymous_13)
FN:291,(anonymous_14)
FNF:15
FNH:6
FNDA:2,(anonymous_0)
FNDA:0,(anonymous_1)
FNDA:0,(anonymous_2)
FNDA:1,(anonymous_3)
FNDA:2,(anonymous_4)
FNDA:2,(anonymous_5)
FNDA:1,(anonymous_6)
FNDA:0,(anonymous_7)
FNDA:0,(anonymous_8)
FNDA:0,(anonymous_9)
FNDA:1,(anonymous_10)
FNDA:0,(anonymous_11)
FNDA:0,(anonymous_12)
FNDA:0,(anonymous_13)
FNDA:0,(anonymous_14)
DA:1,11
DA:2,11
DA:3,11
DA:4,11
DA:5,11
DA:6,11
DA:7,11
DA:8,11
DA:10,11
DA:12,2
DA:13,2
DA:14,2
DA:15,2
DA:16,1
DA:22,2
DA:23,0
DA:29,2
DA:30,0
DA:31,0
DA:32,0
DA:34,2
DA:35,2
DA:37,0
DA:38,0
DA:45,0
DA:46,0
DA:47,0
DA:48,0
DA:49,0
DA:51,0
DA:53,0
DA:54,0
DA:60,0
DA:62,0
DA:75,0
DA:76,0
DA:77,0
DA:78,0
DA:80,0
DA:81,0
DA:87,1
DA:88,1
DA:89,1
DA:90,0
DA:92,1
DA:95,0
DA:96,0
DA:101,2
DA:102,2
DA:103,0
DA:105,2
DA:106,2
DA:107,1
DA:110,1
DA:111,1
DA:116,2
DA:117,2
DA:118,2
DA:119,2
DA:120,0
DA:122,2
DA:123,2
DA:124,1
DA:127,1
DA:128,1
DA:133,1
DA:134,1
DA:135,1
DA:136,1
DA:137,0
DA:139,1
DA:140,1
DA:143,0
DA:144,0
DA:149,0
DA:151,0
DA:153,0
DA:154,0
DA:159,0
DA:160,0
DA:162,0
DA:163,0
DA:165,0
DA:167,0
DA:169,0
DA:171,0
DA:176,0
DA:177,0
DA:178,0
DA:179,0
DA:180,0
DA:182,0
DA:183,0
DA:184,0
DA:187,0
DA:188,0
DA:193,0
DA:194,0
DA:195,0
DA:196,0
DA:197,0
DA:200,0
DA:201,0
DA:204,0
DA:205,0
DA:211,1
DA:212,1
DA:213,1
DA:214,1
DA:217,0
DA:218,0
DA:223,0
DA:225,0
DA:227,0
DA:228,0
DA:233,0
DA:234,0
DA:236,0
DA:238,0
DA:240,0
DA:242,0
DA:244,0
DA:250,0
DA:252,0
DA:254,0
DA:255,0
DA:261,0
DA:262,0
DA:270,0
DA:271,0
DA:272,0
DA:275,0
DA:276,0
DA:281,0
DA:282,0
DA:283,0
DA:286,0
DA:287,0
DA:292,0
DA:293,0
DA:294,0
DA:295,0
DA:296,0
DA:297,0
DA:299,0
DA:305,0
DA:319,0
DA:320,0
DA:321,0
DA:325,0
DA:326,0
LF:151
LH:48
BRDA:15,0,0,1
BRDA:15,0,1,1
BRDA:22,1,0,0
BRDA:22,1,1,2
BRDA:29,2,0,0
BRDA:29,2,1,2
BRDA:30,3,0,0
BRDA:30,3,1,0
BRDA:31,4,0,0
BRDA:31,4,1,0
BRDA:48,5,0,0
BRDA:48,5,1,0
BRDA:89,6,0,0
BRDA:89,6,1,1
BRDA:102,7,0,0
BRDA:102,7,1,2
BRDA:119,8,0,0
BRDA:119,8,1,2
BRDA:136,9,0,0
BRDA:136,9,1,1
BRDA:151,10,0,0
BRDA:151,10,1,0
BRDA:165,11,0,0
BRDA:165,11,1,0
BRDA:179,12,0,0
BRDA:179,12,1,0
BRDA:196,13,0,0
BRDA:196,13,1,0
BRDA:225,14,0,0
BRDA:225,14,1,0
BRDA:238,15,0,0
BRDA:238,15,1,0
BRDA:296,16,0,0
BRDA:296,16,1,0
BRF:34
BRH:8
end_of_record
TN:
SF:controllers\UserController.js
FN:6,(anonymous_0)
FN:17,(anonymous_1)
FNF:2
FNH:2
FNDA:5,(anonymous_0)
FNDA:5,(anonymous_1)
DA:1,11
DA:2,11
DA:3,11
DA:5,11
DA:7,5
DA:8,5
DA:9,5
DA:10,1
DA:12,4
DA:13,4
DA:18,5
DA:19,5
DA:20,5
DA:21,1
DA:23,4
DA:24,1
DA:26,3
DA:27,3
DA:28,2
DA:30,1
DA:31,1
DA:33,4
DA:34,4
LF:23
LH:23
BRDA:20,0,0,1
BRDA:20,0,1,4
BRDA:23,1,0,1
BRDA:23,1,1,3
BRDA:27,2,0,2
BRDA:27,2,1,1
BRDA:27,3,0,3
BRDA:27,3,1,2
BRF:8
BRH:8
end_of_record
TN:
SF:helpers\bcrypt.js
FN:4,(anonymous_0)
FN:5,(anonymous_1)
FNF:2
FNH:2
FNDA:13,(anonymous_0)
FNDA:2,(anonymous_1)
DA:1,11
DA:3,11
DA:4,13
DA:5,2
LF:4
LH:4
BRF:0
BRH:0
end_of_record
TN:
SF:helpers\jwt.js
FN:5,signToken
FN:9,verifyToken
FNF:2
FNH:2
FNDA:20,signToken
FNDA:21,verifyToken
DA:1,11
DA:3,11
DA:6,20
DA:10,21
DA:13,11
LF:5
LH:5
BRF:0
BRH:0
end_of_record
TN:
SF:middlewares\authentication.js
FN:4,authentication
FNF:1
FNH:1
FNDA:31,authentication
DA:1,11
DA:2,11
DA:5,31
DA:6,31
DA:7,31
DA:8,6
DA:10,25
DA:11,25
DA:12,4
DA:14,21
DA:15,14
DA:16,14
DA:17,0
DA:19,14
DA:21,14
DA:24,17
DA:25,17
DA:29,11
LF:18
LH:17
BRDA:7,0,0,6
BRDA:7,0,1,25
BRDA:11,1,0,4
BRDA:11,1,1,21
BRDA:16,2,0,0
BRDA:16,2,1,14
BRF:6
BRH:5
end_of_record
TN:
SF:middlewares\authorization.js
FN:3,authorization
FNF:1
FNH:1
FNDA:10,authorization
DA:1,11
DA:4,10
DA:5,10
DA:6,10
DA:7,10
DA:8,6
DA:10,4
DA:11,1
DA:14,3
DA:17,7
DA:18,7
DA:22,11
LF:12
LH:12
BRDA:7,0,0,6
BRDA:7,0,1,4
BRDA:10,1,0,1
BRDA:10,1,1,3
BRF:4
BRH:4
end_of_record
TN:
SF:middlewares\errorHandler.js
FN:1,(anonymous_0)
FNF:1
FNH:1
FNDA:34,(anonymous_0)
DA:1,11
DA:2,34
DA:3,34
DA:4,34
DA:6,34
DA:9,17
DA:10,17
DA:11,17
DA:13,2
DA:14,2
DA:15,2
DA:17,1
DA:18,1
DA:19,1
DA:21,6
DA:22,6
DA:23,6
DA:26,6
DA:27,6
DA:28,6
DA:30,1
DA:31,1
DA:32,1
DA:34,1
DA:35,1
DA:36,1
DA:38,0
DA:39,0
DA:40,0
DA:42,0
DA:43,0
DA:44,0
DA:46,0
DA:49,34
LF:34
LH:27
BRDA:3,0,0,34
BRDA:3,0,1,34
BRDA:4,1,0,34
BRDA:4,1,1,21
BRDA:6,2,0,7
BRDA:6,2,1,17
BRDA:6,2,2,2
BRDA:6,2,3,1
BRDA:6,2,4,6
BRDA:6,2,5,5
BRDA:6,2,6,6
BRDA:6,2,7,1
BRDA:6,2,8,1
BRDA:6,2,9,0
BRDA:6,2,10,0
BRDA:6,2,11,0
BRF:16
BRH:13
end_of_record
TN:
SF:models\burger.js
FN:5,(anonymous_0)
FN:12,(anonymous_1)
FNF:2
FNH:2
FNDA:11,(anonymous_0)
FNDA:11,(anonymous_1)
DA:4,11
DA:5,11
DA:14,11
DA:17,11
DA:86,11
LF:5
LH:5
BRF:0
BRH:0
end_of_record
TN:
SF:models\cart.js
FN:5,(anonymous_0)
FN:12,(anonymous_1)
FNF:2
FNH:2
FNDA:11,(anonymous_0)
FNDA:11,(anonymous_1)
DA:4,11
DA:5,11
DA:14,11
DA:15,11
DA:18,11
DA:68,11
LF:6
LH:6
BRF:0
BRH:0
end_of_record
TN:
SF:models\index.js
FN:21,(anonymous_0)
FN:29,(anonymous_1)
FN:34,(anonymous_2)
FNF:3
FNH:3
FNDA:44,(anonymous_0)
FNDA:33,(anonymous_1)
FNDA:33,(anonymous_2)
DA:3,11
DA:4,11
DA:5,11
DA:6,11
DA:7,11
DA:8,11
DA:9,11
DA:10,11
DA:13,11
DA:14,0
DA:16,11
DA:19,11
DA:22,44
DA:30,33
DA:31,33
DA:34,11
DA:35,33
DA:36,33
DA:40,11
DA:41,11
DA:43,11
LF:21
LH:20
BRDA:8,0,0,11
BRDA:8,0,1,0
BRDA:13,1,0,0
BRDA:13,1,1,11
BRDA:23,2,0,44
BRDA:23,2,1,44
BRDA:23,2,2,33
BRDA:23,2,3,33
BRDA:35,3,0,33
BRDA:35,3,1,0
BRF:10
BRH:7
end_of_record
TN:
SF:models\user.js
FN:6,(anonymous_0)
FN:13,(anonymous_1)
FN:79,(anonymous_2)
FNF:3
FNH:3
FNDA:11,(anonymous_0)
FNDA:11,(anonymous_1)
FNDA:2,(anonymous_2)
DA:2,11
DA:5,11
DA:6,11
DA:15,11
DA:18,11
DA:80,2
DA:84,11
LF:7
LH:7
BRF:0
BRH:0
end_of_record
